[INFO]2022-12-27 11:35:42 | Observer information setting compleated!
==================
   Observer = Hyeonho Choi
   Observatory = 7DT_01
   Latitude = -30.4725 deg
   Longitude = 289.2369 deg
   Elevation = 1525.0 m
   Timezone = America/Santiago
==================
[INFO]2022-12-27 11:35:51 | Observer information setting compleated!
==================
   Observer = Hyeonho Choi
   Observatory = 7DT_01
   Latitude = -30.4725 deg
   Longitude = 289.2369 deg
   Elevation = 1525.0 m
   Timezone = America/Santiago
==================
[INFO]2022-12-27 11:38:23 | Observer information setting compleated!
==================
   Observer = Hyeonho Choi
   Observatory = BOAO
   Latitude = 36.1648 deg
   Longitude = 128.9766 deg
   Elevation = 1162.0 m
   Timezone = Asia/Seoul
==================
[INFO]2022-12-27 11:43:47 | Observer information setting compleated!
==================
   Observer = Hyeonho Choi
   Observatory = BOAO
   Latitude = 36.1648 deg
   Longitude = 128.9766 deg
   Elevation = 1162.0 m
   Timezone = Asia/Seoul
==================
