[INFO]2022-12-23 03:50:02 | Observer information setting compleated!
==================
   Observer = Hyeonho Choi
   Observatory = 7DT_01
   Latitude = -30.4725 deg
   Longitude = 289.2369 deg
   Elevation = 1525.0 m
   Timezone = America/Santiago
==================
[INFO]2022-12-23 03:50:02 | Connecting to the telescope...
[INFO]2022-12-23 03:50:02 | Telescope connected
[INFO]2022-12-23 03:50:02 | Connecting to the Camera...
[INFO]2022-12-23 03:50:03 | Camera connected
[INFO]2022-12-23 03:50:03 | Slewing to the coordinate (RA = 276.942, Dec = -49.151, Alt = 63.1, Az = 218.8)
[INFO]2022-12-23 03:50:04 | Slewing finished. Current coordinate (RA = 276.942, Dec = -49.151, Alt = 62.8, Az = 219.1)
[INFO]2022-12-23 03:50:04 | [LIGHT] Start exposure (exptime = 5.0)
[INFO]2022-12-23 03:50:09 | [LIGHT] Exposure finished (exptime = 5.0)
[INFO]2022-12-23 03:50:09 | [LIGHT] Start exposure (exptime = 5.0)
[INFO]2022-12-23 03:50:14 | [LIGHT] Exposure finished (exptime = 5.0)
[INFO]2022-12-23 03:50:15 | [LIGHT] Start exposure (exptime = 5.0)
[INFO]2022-12-23 03:50:20 | [LIGHT] Exposure finished (exptime = 5.0)
[INFO]2022-12-23 03:50:20 | [LIGHT] Start exposure (exptime = 5.0)
[INFO]2022-12-23 03:50:25 | [LIGHT] Exposure finished (exptime = 5.0)
[INFO]2022-12-23 03:50:25 | [LIGHT] Start exposure (exptime = 5.0)
[INFO]2022-12-23 03:50:31 | [LIGHT] Exposure finished (exptime = 5.0)
[INFO]2022-12-23 04:12:20 | Observer information setting compleated!
==================
   Observer = Hyeonho Choi
   Observatory = 7DT_01
   Latitude = -30.4725 deg
   Longitude = 289.2369 deg
   Elevation = 1525.0 m
   Timezone = America/Santiago
==================
[INFO]2022-12-23 04:12:20 | Connecting to the telescope...
[INFO]2022-12-23 04:12:20 | Telescope connected
[INFO]2022-12-23 04:12:20 | Connecting to the Camera...
[INFO]2022-12-23 04:12:20 | Camera connected
[INFO]2022-12-23 04:17:20 | [LIGHT] Start exposure (exptime = 5.0)
[INFO]2022-12-23 04:17:25 | [LIGHT] Exposure finished (exptime = 5.0)
[INFO]2022-12-23 04:19:59 | Connecting to the Camera...
[INFO]2022-12-23 04:19:59 | Camera connected
[INFO]2022-12-23 04:19:59 | Start cooling...
[INFO]2022-12-23 04:19:59 | Current temperature : 10.0
[INFO]2022-12-23 04:20:02 | Current temperature : 0.9
[INFO]2022-12-23 04:20:05 | Current temperature : -4.1
[INFO]2022-12-23 04:20:08 | Current temperature : -6.8
[INFO]2022-12-23 04:20:11 | Current temperature : -8.3
[INFO]2022-12-23 04:20:14 | Cooling finished. Set temperature : -10.0
[INFO]2022-12-23 04:20:17 | [BIAS] Start exposure for bias
[INFO]2022-12-23 04:20:18 | [BIAS] Exposure finished
[INFO]2022-12-23 04:24:40 | Observer information setting compleated!
==================
   Observer = Hyeonho Choi
   Observatory = 7DT_01
   Latitude = -30.4725 deg
   Longitude = 289.2369 deg
   Elevation = 1525.0 m
   Timezone = America/Santiago
==================
[INFO]2022-12-23 04:24:40 | Connecting to the telescope...
[INFO]2022-12-23 04:24:40 | Telescope connected
[INFO]2022-12-23 04:24:40 | Connecting to the Camera...
[INFO]2022-12-23 04:24:40 | Camera connected
[INFO]2022-12-23 04:24:41 | Slewing to the coordinate (RA = 276.942, Dec = -49.151, Alt = 58.1, Az = 224.3)
[INFO]2022-12-23 04:24:42 | Slewing finished. Current coordinate (RA = 276.942, Dec = -49.151, Alt = 57.8, Az = 224.5)
[INFO]2022-12-23 04:24:42 | [LIGHT] Start exposure (exptime = 5.0)
[INFO]2022-12-23 04:24:47 | [LIGHT] Exposure finished (exptime = 5.0)
[INFO]2022-12-23 04:24:47 | [LIGHT] Start exposure (exptime = 5.0)
[INFO]2022-12-23 04:24:52 | [LIGHT] Exposure finished (exptime = 5.0)
[INFO]2022-12-23 04:24:52 | [LIGHT] Start exposure (exptime = 5.0)
[INFO]2022-12-23 04:24:58 | [LIGHT] Exposure finished (exptime = 5.0)
[INFO]2022-12-23 04:24:58 | [LIGHT] Start exposure (exptime = 5.0)
[INFO]2022-12-23 04:25:03 | [LIGHT] Exposure finished (exptime = 5.0)
[INFO]2022-12-23 04:25:03 | [LIGHT] Start exposure (exptime = 5.0)
[INFO]2022-12-23 04:25:09 | [LIGHT] Exposure finished (exptime = 5.0)
[INFO]2022-12-23 04:29:27 | Observer information setting compleated!
==================
   Observer = Hyeonho Choi
   Observatory = 7DT_01
   Latitude = -30.4725 deg
   Longitude = 289.2369 deg
   Elevation = 1525.0 m
   Timezone = America/Santiago
==================
[INFO]2022-12-23 04:29:27 | Connecting to the telescope...
[INFO]2022-12-23 04:29:27 | Telescope connected
[INFO]2022-12-23 04:29:27 | Connecting to the Camera...
[INFO]2022-12-23 04:29:27 | Camera connected
[INFO]2022-12-23 04:29:28 | Slewing to the coordinate (RA = 276.942, Dec = -49.151, Alt = 57.4, Az = 224.9)
[INFO]2022-12-23 04:29:28 | Slewing finished. Current coordinate (RA = 276.942, Dec = -49.151, Alt = 57.1, Az = 225.1)
[INFO]2022-12-23 04:29:28 | [LIGHT] Start exposure (exptime = 5.0)
[INFO]2022-12-23 04:29:34 | [LIGHT] Exposure finished (exptime = 5.0)
[INFO]2022-12-23 04:33:21 | Observer information setting compleated!
==================
   Observer = Hyeonho Choi
   Observatory = 7DT_01
   Latitude = -30.4725 deg
   Longitude = 289.2369 deg
   Elevation = 1525.0 m
   Timezone = America/Santiago
==================
[INFO]2022-12-23 04:33:21 | Connecting to the telescope...
[INFO]2022-12-23 04:33:21 | Telescope connected
[INFO]2022-12-23 04:33:21 | Connecting to the Camera...
[INFO]2022-12-23 04:33:21 | Camera connected
[INFO]2022-12-23 04:33:22 | Slewing to the coordinate (RA = 276.942, Dec = -49.151, Alt = 56.8, Az = 225.3)
[INFO]2022-12-23 04:33:22 | Slewing finished. Current coordinate (RA = 276.942, Dec = -49.151, Alt = 56.5, Az = 225.5)
[INFO]2022-12-23 04:33:22 | [LIGHT] Start exposure (exptime = 5.0)
[INFO]2022-12-23 04:33:28 | [LIGHT] Exposure finished (exptime = 5.0)
[INFO]2022-12-23 04:33:28 | [LIGHT] Start exposure (exptime = 5.0)
[INFO]2022-12-23 04:33:33 | [LIGHT] Exposure finished (exptime = 5.0)
[INFO]2022-12-23 04:33:33 | [LIGHT] Start exposure (exptime = 5.0)
[INFO]2022-12-23 04:33:38 | [LIGHT] Exposure finished (exptime = 5.0)
[INFO]2022-12-23 04:33:38 | [LIGHT] Start exposure (exptime = 5.0)
[INFO]2022-12-23 04:33:44 | [LIGHT] Exposure finished (exptime = 5.0)
[INFO]2022-12-23 04:33:44 | [LIGHT] Start exposure (exptime = 5.0)
[INFO]2022-12-23 04:33:49 | [LIGHT] Exposure finished (exptime = 5.0)
[INFO]2022-12-23 04:33:57 | Observer information setting compleated!
==================
   Observer = Hyeonho Choi
   Observatory = 7DT_01
   Latitude = -30.4725 deg
   Longitude = 289.2369 deg
   Elevation = 1525.0 m
   Timezone = America/Santiago
==================
[INFO]2022-12-23 04:33:57 | Connecting to the telescope...
[INFO]2022-12-23 04:33:57 | Telescope connected
[INFO]2022-12-23 04:33:57 | Connecting to the Camera...
[INFO]2022-12-23 04:33:57 | Camera connected
[INFO]2022-12-23 04:33:57 | Slewing to the coordinate (RA = 276.942, Dec = -49.151, Alt = 56.7, Az = 225.4)
[INFO]2022-12-23 04:33:58 | Slewing finished. Current coordinate (RA = 276.942, Dec = -49.151, Alt = 56.4, Az = 225.5)
[INFO]2022-12-23 04:33:58 | [LIGHT] Start exposure (exptime = 5.0)
[INFO]2022-12-23 04:34:03 | [LIGHT] Exposure finished (exptime = 5.0)
[INFO]2022-12-23 04:34:03 | [LIGHT] Start exposure (exptime = 5.0)
[INFO]2022-12-23 04:34:08 | [LIGHT] Exposure finished (exptime = 5.0)
[INFO]2022-12-23 04:34:09 | [LIGHT] Start exposure (exptime = 5.0)
[INFO]2022-12-23 04:34:14 | [LIGHT] Exposure finished (exptime = 5.0)
[INFO]2022-12-23 04:34:14 | [LIGHT] Start exposure (exptime = 5.0)
[INFO]2022-12-23 04:34:19 | [LIGHT] Exposure finished (exptime = 5.0)
[INFO]2022-12-23 04:34:20 | [LIGHT] Start exposure (exptime = 5.0)
[INFO]2022-12-23 04:34:25 | [LIGHT] Exposure finished (exptime = 5.0)
