[INFO]2022-12-30 18:39:24 | Observer information setting compleated!
==================
   Observer = Hyeonho Choi
   Observatory = 7DT_01
   Latitude = -30.4725 deg
   Longitude = 289.2369 deg
   Elevation = 1525.0 m
   Timezone = America/Santiago
==================
[INFO]2022-12-30 18:53:33 | Observer information setting compleated!
==================
   Observer = Hyeonho Choi
   Observatory = 7DT_01
   Latitude = -30.4725 deg
   Longitude = 289.2369 deg
   Elevation = 1525.0 m
   Timezone = America/Santiago
==================
[INFO]2022-12-30 20:17:44 | Observer information setting compleated!
==================
   Observer = Hyeonho Choi
   Observatory = 7DT_01
   Latitude = -30.4725 deg
   Longitude = 289.2369 deg
   Elevation = 1525.0 m
   Timezone = America/Santiago
==================
[INFO]2022-12-30 20:20:59 | Observer information setting compleated!
==================
   Observer = Hyeonho Choi
   Observatory = 7DT_01
   Latitude = -30.4725 deg
   Longitude = 289.2369 deg
   Elevation = 1525.0 m
   Timezone = America/Santiago
==================
[INFO]2022-12-30 20:22:17 | Observer information setting compleated!
==================
   Observer = Hyeonho Choi
   Observatory = 7DT_01
   Latitude = -30.4725 deg
   Longitude = 289.2369 deg
   Elevation = 1525.0 m
   Timezone = America/Santiago
==================
[INFO]2022-12-30 20:23:31 | Observer information setting compleated!
==================
   Observer = Hyeonho Choi
   Observatory = 7DT_01
   Latitude = -30.4725 deg
   Longitude = 289.2369 deg
   Elevation = 1525.0 m
   Timezone = America/Santiago
==================
[INFO]2022-12-30 20:28:12 | Observer information setting compleated!
==================
   Observer = Hyeonho Choi
   Observatory = 7DT_01
   Latitude = -30.4725 deg
   Longitude = 289.2369 deg
   Elevation = 1525.0 m
   Timezone = America/Santiago
==================
[INFO]2022-12-30 20:28:12 | Connecting to the telescope...
[INFO]2022-12-30 20:28:12 | Telescope connected
[INFO]2022-12-30 20:35:27 | Observer information setting compleated!
==================
   Observer = Hyeonho Choi
   Observatory = 7DT_01
   Latitude = -30.4725 deg
   Longitude = 289.2369 deg
   Elevation = 1525.0 m
   Timezone = America/Santiago
==================
[INFO]2022-12-30 20:35:27 | Connecting to the telescope...
[INFO]2022-12-30 20:35:27 | Telescope connected
[INFO]2022-12-30 20:35:27 | Connecting to the Camera...
[INFO]2022-12-30 20:35:27 | Camera connected
[INFO]2022-12-30 20:35:27 | Connecting to the Focuser...
[INFO]2022-12-30 20:35:27 | Focuser connected
[INFO]2022-12-30 20:35:27 | Connecting to the Filterwheel...
[INFO]2022-12-30 20:35:27 | Filterwheel connected
[INFO]2022-12-30 20:39:28 | Observer information setting compleated!
==================
   Observer = Hyeonho Choi
   Observatory = 7DT_01
   Latitude = -30.4725 deg
   Longitude = 289.2369 deg
   Elevation = 1525.0 m
   Timezone = America/Santiago
==================
[INFO]2022-12-30 20:39:28 | Connecting to the telescope...
[INFO]2022-12-30 20:39:28 | Telescope connected
[INFO]2022-12-30 20:39:28 | Connecting to the Camera...
[INFO]2022-12-30 20:39:28 | Camera connected
[INFO]2022-12-30 20:39:28 | Connecting to the Filterwheel...
[INFO]2022-12-30 20:39:28 | Filterwheel connected
[INFO]2022-12-30 20:40:24 | Observer information setting compleated!
==================
   Observer = Hyeonho Choi
   Observatory = 7DT_01
   Latitude = -30.4725 deg
   Longitude = 289.2369 deg
   Elevation = 1525.0 m
   Timezone = America/Santiago
==================
[INFO]2022-12-30 20:41:12 | Observer information setting compleated!
==================
   Observer = Hyeonho Choi
   Observatory = 7DT_01
   Latitude = -30.4725 deg
   Longitude = 289.2369 deg
   Elevation = 1525.0 m
   Timezone = America/Santiago
==================
[INFO]2022-12-30 20:41:37 | Observer information setting compleated!
==================
   Observer = Hyeonho Choi
   Observatory = 7DT_01
   Latitude = -30.4725 deg
   Longitude = 289.2369 deg
   Elevation = 1525.0 m
   Timezone = America/Santiago
==================
[INFO]2022-12-30 20:41:37 | Connecting to the telescope...
[INFO]2022-12-30 20:41:37 | Telescope connected
[INFO]2022-12-30 20:41:37 | Connecting to the Camera...
[INFO]2022-12-30 20:41:37 | Camera connected
[INFO]2022-12-30 20:41:37 | Connecting to the Filterwheel...
[INFO]2022-12-30 20:41:37 | Filterwheel connected
[INFO]2022-12-30 20:41:50 | Observer information setting compleated!
==================
   Observer = Hyeonho Choi
   Observatory = 7DT_01
   Latitude = -30.4725 deg
   Longitude = 289.2369 deg
   Elevation = 1525.0 m
   Timezone = America/Santiago
==================
[INFO]2022-12-30 20:41:50 | Connecting to the telescope...
[INFO]2022-12-30 20:41:50 | Telescope connected
[INFO]2022-12-30 20:41:51 | Connecting to the Camera...
[INFO]2022-12-30 20:41:51 | Camera connected
[INFO]2022-12-30 20:41:51 | Connecting to the Filterwheel...
[INFO]2022-12-30 20:41:51 | Filterwheel connected
[INFO]2022-12-30 20:53:33 | Observer information setting compleated!
==================
   Observer = Hyeonho Choi
   Observatory = 7DT_01
   Latitude = -30.4725 deg
   Longitude = 289.2369 deg
   Elevation = 1525.0 m
   Timezone = America/Santiago
==================
[INFO]2022-12-30 20:54:43 | Observer information setting compleated!
==================
   Observer = Hyeonho Choi
   Observatory = 7DT_01
   Latitude = -30.4725 deg
   Longitude = 289.2369 deg
   Elevation = 1525.0 m
   Timezone = America/Santiago
==================
[INFO]2022-12-30 20:56:46 | Observer information setting compleated!
==================
   Observer = Hyeonho Choi
   Observatory = 7DT_01
   Latitude = -30.4725 deg
   Longitude = 289.2369 deg
   Elevation = 1525.0 m
   Timezone = America/Santiago
==================
[INFO]2022-12-30 20:56:51 | Observer information setting compleated!
==================
   Observer = Hyeonho Choi
   Observatory = 7DT_01
   Latitude = -30.4725 deg
   Longitude = 289.2369 deg
   Elevation = 1525.0 m
   Timezone = America/Santiago
==================
[INFO]2022-12-30 20:58:23 | Observer information setting compleated!
==================
   Observer = Hyeonho Choi
   Observatory = 7DT_01
   Latitude = -30.4725 deg
   Longitude = 289.2369 deg
   Elevation = 1525.0 m
   Timezone = America/Santiago
==================
[INFO]2022-12-30 20:58:23 | Connecting to the telescope...
[INFO]2022-12-30 20:58:23 | Telescope connected
[INFO]2022-12-30 20:58:24 | Connecting to the Camera...
[INFO]2022-12-30 20:58:24 | Camera connected
[INFO]2022-12-30 20:58:24 | Connecting to the Filterwheel...
[INFO]2022-12-30 20:58:24 | Filterwheel connected
[INFO]2022-12-30 20:58:24 | Checking all devices are properly connected...
[INFO]2022-12-30 21:00:06 | Observer information setting compleated!
==================
   Observer = Hyeonho Choi
   Observatory = 7DT_01
   Latitude = -30.4725 deg
   Longitude = 289.2369 deg
   Elevation = 1525.0 m
   Timezone = America/Santiago
==================
[INFO]2022-12-30 21:00:06 | Connecting to the telescope...
[INFO]2022-12-30 21:00:06 | Telescope connected
[INFO]2022-12-30 21:00:06 | Connecting to the Camera...
[INFO]2022-12-30 21:00:06 | Camera connected
[INFO]2022-12-30 21:00:06 | Connecting to the Filterwheel...
[INFO]2022-12-30 21:00:06 | Filterwheel connected
[INFO]2022-12-30 21:00:06 | Checking all devices are properly connected...
[INFO]2022-12-30 21:02:56 | Observer information setting compleated!
==================
   Observer = Hyeonho Choi
   Observatory = 7DT_01
   Latitude = -30.4725 deg
   Longitude = 289.2369 deg
   Elevation = 1525.0 m
   Timezone = America/Santiago
==================
[INFO]2022-12-30 21:02:56 | Connecting to the telescope...
[INFO]2022-12-30 21:02:56 | Telescope connected
[INFO]2022-12-30 21:02:56 | Connecting to the Camera...
[INFO]2022-12-30 21:02:56 | Camera connected
[INFO]2022-12-30 21:02:56 | Connecting to the Filterwheel...
[INFO]2022-12-30 21:02:56 | Filterwheel connected
[INFO]2022-12-30 21:02:56 | Checking all devices are properly connected...
[CRITICAL]2022-12-30 21:02:59 | Telescope is not connected
[CRITICAL]2022-12-30 21:02:59 | Camera is not connected
[CRITICAL]2022-12-30 21:02:59 | Focuser is not connected
[CRITICAL]2022-12-30 21:02:59 | FilterWheel is not connected
[INFO]2022-12-30 21:03:56 | Observer information setting compleated!
==================
   Observer = Hyeonho Choi
   Observatory = 7DT_01
   Latitude = -30.4725 deg
   Longitude = 289.2369 deg
   Elevation = 1525.0 m
   Timezone = America/Santiago
==================
[INFO]2022-12-30 21:03:56 | Connecting to the telescope...
[INFO]2022-12-30 21:03:56 | Telescope connected
[INFO]2022-12-30 21:03:56 | Connecting to the Camera...
[INFO]2022-12-30 21:03:56 | Camera connected
[INFO]2022-12-30 21:03:56 | Connecting to the Filterwheel...
[INFO]2022-12-30 21:03:56 | Filterwheel connected
[INFO]2022-12-30 21:03:56 | Checking all devices are properly connected...
[INFO]2022-12-30 21:03:59 | Connection check finished
[INFO]2022-12-30 21:20:42 | Observer information setting compleated!
==================
   Observer = Hyeonho Choi
   Observatory = 7DT_01
   Latitude = -30.4725 deg
   Longitude = 289.2369 deg
   Elevation = 1525.0 m
   Timezone = America/Santiago
==================
[INFO]2022-12-30 21:26:26 | Observer information setting compleated!
==================
   Observer = Hyeonho Choi
   Observatory = 7DT_01
   Latitude = -30.4725 deg
   Longitude = 289.2369 deg
   Elevation = 1525.0 m
   Timezone = America/Santiago
==================
[INFO]2022-12-30 21:27:15 | Observer information setting compleated!
==================
   Observer = Hyeonho Choi
   Observatory = 7DT_01
   Latitude = -30.4725 deg
   Longitude = 289.2369 deg
   Elevation = 1525.0 m
   Timezone = America/Santiago
==================
[INFO]2022-12-30 21:27:43 | Observer information setting compleated!
==================
   Observer = Hyeonho Choi
   Observatory = 7DT_01
   Latitude = -30.4725 deg
   Longitude = 289.2369 deg
   Elevation = 1525.0 m
   Timezone = America/Santiago
==================
[INFO]2022-12-30 21:27:43 | Connecting to the telescope...
[INFO]2022-12-30 21:27:43 | Telescope connected
[INFO]2022-12-30 21:27:44 | Connecting to the Camera...
[INFO]2022-12-30 21:27:44 | Camera connected
[INFO]2022-12-30 21:27:44 | Connecting to the Filterwheel...
[INFO]2022-12-30 21:27:44 | Filterwheel connected
[INFO]2022-12-30 21:27:44 | Checking all devices, observer, weather are properly connected...
[INFO]2022-12-30 21:27:56 | Observer information setting compleated!
==================
   Observer = Hyeonho Choi
   Observatory = 7DT_01
   Latitude = -30.4725 deg
   Longitude = 289.2369 deg
   Elevation = 1525.0 m
   Timezone = America/Santiago
==================
[INFO]2022-12-30 21:27:56 | Connecting to the telescope...
[INFO]2022-12-30 21:27:56 | Telescope connected
[INFO]2022-12-30 21:27:56 | Connecting to the Camera...
[INFO]2022-12-30 21:27:56 | Camera connected
[INFO]2022-12-30 21:27:56 | Connecting to the Filterwheel...
[INFO]2022-12-30 21:27:56 | Filterwheel connected
[INFO]2022-12-30 21:27:56 | Checking all devices, observer, weather are properly connected...
[INFO]2022-12-30 21:27:59 | [Connected] Telescope
[INFO]2022-12-30 21:27:59 | [Connected] Camera
[INFO]2022-12-30 21:27:59 | [Connected] Focuser
[INFO]2022-12-30 21:27:59 | [Connected] FilterWheel
[INFO]2022-12-30 21:27:59 | Device connection checked
[INFO]2022-12-30 21:40:59 | Observer information setting compleated!
==================
   Observer = Hyeonho Choi
   Observatory = 7DT_01
   Latitude = -30.4725 deg
   Longitude = 289.2369 deg
   Elevation = 1525.0 m
   Timezone = America/Santiago
==================
[INFO]2022-12-30 21:40:59 | Connecting to the telescope...
[INFO]2022-12-30 21:40:59 | Telescope connected
[INFO]2022-12-30 21:40:59 | Connecting to the Camera...
[INFO]2022-12-30 21:40:59 | Camera connected
[INFO]2022-12-30 21:40:59 | Connecting to the Filterwheel...
[INFO]2022-12-30 21:40:59 | Filterwheel connected
[INFO]2022-12-30 21:40:59 | Start checking status
[INFO]2022-12-30 21:40:59 | [Connected] Telescope
[INFO]2022-12-30 21:40:59 | [Connected] Camera
[INFO]2022-12-30 21:40:59 | [Connected] Focuser
[INFO]2022-12-30 21:40:59 | [Connected] FilterWheel
[INFO]2022-12-30 21:40:59 | [Connected] Observer (Localtime : 2022-12-30 09:40:59.532773-03:00)
[INFO]2022-12-30 21:41:13 | Observer information setting compleated!
==================
   Observer = Hyeonho Choi
   Observatory = 7DT_01
   Latitude = -30.4725 deg
   Longitude = 289.2369 deg
   Elevation = 1525.0 m
   Timezone = America/Santiago
==================
[INFO]2022-12-30 21:41:13 | Connecting to the telescope...
[INFO]2022-12-30 21:41:13 | Telescope connected
[INFO]2022-12-30 21:41:13 | Connecting to the Camera...
[INFO]2022-12-30 21:41:13 | Camera connected
[INFO]2022-12-30 21:41:13 | Connecting to the Filterwheel...
[INFO]2022-12-30 21:41:13 | Filterwheel connected
[INFO]2022-12-30 21:41:16 | Start checking status
[INFO]2022-12-30 21:41:16 | [Connected] Telescope
[INFO]2022-12-30 21:41:16 | [Connected] Camera
[INFO]2022-12-30 21:41:16 | [Connected] Focuser
[INFO]2022-12-30 21:41:16 | [Connected] FilterWheel
[INFO]2022-12-30 21:41:16 | [Connected] Observer (Localtime : 2022-12-30 09:41:16.640828-03:00)
[INFO]2022-12-30 21:41:24 | Observer information setting compleated!
==================
   Observer = Hyeonho Choi
   Observatory = 7DT_01
   Latitude = -30.4725 deg
   Longitude = 289.2369 deg
   Elevation = 1525.0 m
   Timezone = America/Santiago
==================
[INFO]2022-12-30 21:41:24 | Connecting to the telescope...
[INFO]2022-12-30 21:41:24 | Telescope connected
[INFO]2022-12-30 21:41:24 | Connecting to the Camera...
[INFO]2022-12-30 21:41:24 | Camera connected
[INFO]2022-12-30 21:41:24 | Connecting to the Filterwheel...
[INFO]2022-12-30 21:41:24 | Filterwheel connected
[INFO]2022-12-30 21:41:27 | Start checking status
[CRITICAL]2022-12-30 21:41:27 | [Not Connected] Telescope
[INFO]2022-12-30 21:41:27 | [Connected] Camera
[INFO]2022-12-30 21:41:27 | [Connected] Focuser
[INFO]2022-12-30 21:41:27 | [Connected] FilterWheel
[INFO]2022-12-30 21:41:27 | [Connected] Observer (Localtime : 2022-12-30 09:41:27.319827-03:00)
[INFO]2022-12-30 21:41:34 | Observer information setting compleated!
==================
   Observer = Hyeonho Choi
   Observatory = 7DT_01
   Latitude = -30.4725 deg
   Longitude = 289.2369 deg
   Elevation = 1525.0 m
   Timezone = America/Santiago
==================
[INFO]2022-12-30 21:41:34 | Connecting to the telescope...
[INFO]2022-12-30 21:41:34 | Telescope connected
[INFO]2022-12-30 21:41:34 | Connecting to the Camera...
[INFO]2022-12-30 21:41:34 | Camera connected
[INFO]2022-12-30 21:41:34 | Connecting to the Filterwheel...
[INFO]2022-12-30 21:41:34 | Filterwheel connected
[INFO]2022-12-30 21:41:37 | Start checking status
[CRITICAL]2022-12-30 21:41:37 | [Not Connected] Telescope
[INFO]2022-12-30 21:41:37 | [Connected] Camera
[INFO]2022-12-30 21:41:37 | [Connected] Focuser
[INFO]2022-12-30 21:41:37 | [Connected] FilterWheel
[INFO]2022-12-30 21:41:37 | [Connected] Observer (Localtime : 2022-12-30 09:41:37.624566-03:00)
[INFO]2022-12-30 21:46:07 | Observer information setting compleated!
==================
   Observer = Hyeonho Choi
   Observatory = 7DT_01
   Latitude = -30.4725 deg
   Longitude = 289.2369 deg
   Elevation = 1525.0 m
   Timezone = America/Santiago
==================
[INFO]2022-12-30 21:46:07 | Connecting to the telescope...
[INFO]2022-12-30 21:46:07 | Telescope connected
[INFO]2022-12-30 21:46:07 | Connecting to the Camera...
[INFO]2022-12-30 21:46:07 | Camera connected
[INFO]2022-12-30 21:46:07 | Connecting to the Filterwheel...
[INFO]2022-12-30 21:46:07 | Filterwheel connected
[INFO]2022-12-30 21:46:10 | Start checking status
[INFO]2022-12-30 21:46:10 | [Connected] Telescope
[INFO]2022-12-30 21:46:10 | [Connected] Camera
[INFO]2022-12-30 21:46:10 | [Connected] Focuser
[INFO]2022-12-30 21:46:10 | [Connected] FilterWheel
[INFO]2022-12-30 21:46:10 | [Connected] Observer (Localtime : 2022-12-30 09:46:10.830615-03:00)
[INFO]2022-12-30 22:13:23 | Observer information setting compleated!
==================
   Observer = Hyeonho Choi
   Observatory = 7DT_01
   Latitude = -30.4725 deg
   Longitude = 289.2369 deg
   Elevation = 1525.0 m
   Timezone = America/Santiago
==================
[INFO]2022-12-30 22:13:23 | Connecting to the telescope...
[INFO]2022-12-30 22:13:23 | Telescope connected
[INFO]2022-12-30 22:13:24 | Connecting to the Camera...
[INFO]2022-12-30 22:13:24 | Camera connected
[INFO]2022-12-30 22:13:24 | Connecting to the Filterwheel...
[INFO]2022-12-30 22:13:24 | Filterwheel connected
[INFO]2022-12-30 22:13:27 | Start checking status
[INFO]2022-12-30 22:13:27 | [Connected] Telescope
[INFO]2022-12-30 22:13:27 | [Connected] Camera
[INFO]2022-12-30 22:13:27 | [Connected] Focuser
[INFO]2022-12-30 22:13:27 | [Connected] FilterWheel
[INFO]2022-12-30 22:13:27 | [Connected] Observer (Localtime : 2022-12-30 10:13:27.212886-03:00)
[INFO]2022-12-30 22:14:24 | Observer information setting compleated!
==================
   Observer = Hyeonho Choi
   Observatory = 7DT_01
   Latitude = -30.4725 deg
   Longitude = 289.2369 deg
   Elevation = 1525.0 m
   Timezone = America/Santiago
==================
[INFO]2022-12-30 22:14:24 | Connecting to the telescope...
[INFO]2022-12-30 22:14:24 | Telescope connected
[INFO]2022-12-30 22:14:24 | Connecting to the Camera...
[INFO]2022-12-30 22:14:24 | Camera connected
[INFO]2022-12-30 22:14:24 | Connecting to the Filterwheel...
[INFO]2022-12-30 22:14:24 | Filterwheel connected
[INFO]2022-12-30 22:14:27 | Start checking status
[INFO]2022-12-30 22:14:27 | [Connected] Telescope
[INFO]2022-12-30 22:14:27 | [Connected] Camera
[INFO]2022-12-30 22:14:27 | [Connected] Focuser
[INFO]2022-12-30 22:14:27 | [Connected] FilterWheel
[INFO]2022-12-30 22:14:27 | [Connected] Observer (Localtime : 2022-12-30 10:14:27.503657-03:00)
[INFO]2022-12-30 22:18:20 | Observer information setting compleated!
==================
   Observer = Hyeonho Choi
   Observatory = 7DT_01
   Latitude = -30.4725 deg
   Longitude = 289.2369 deg
   Elevation = 1525.0 m
   Timezone = America/Santiago
==================
[INFO]2022-12-30 22:18:20 | Connecting to the telescope...
[INFO]2022-12-30 22:18:20 | Telescope connected
[INFO]2022-12-30 22:18:20 | Connecting to the Camera...
[INFO]2022-12-30 22:18:20 | Camera connected
[INFO]2022-12-30 22:18:20 | Connecting to the Filterwheel...
[INFO]2022-12-30 22:18:20 | Filterwheel connected
[INFO]2022-12-30 22:18:23 | Start checking status
[INFO]2022-12-30 22:18:23 | [Connected] Telescope
[INFO]2022-12-30 22:18:23 | [Connected] Camera
[INFO]2022-12-30 22:18:23 | [Connected] Focuser
[INFO]2022-12-30 22:18:23 | [Connected] FilterWheel
[INFO]2022-12-30 22:18:23 | [Connected] Observer (Localtime : 2022-12-30 10:18:23.729083-03:00)
[INFO]2022-12-30 22:30:57 | Observer information setting compleated!
==================
   Observer = Hyeonho Choi
   Observatory = 7DT_01
   Latitude = -30.4725 deg
   Longitude = 289.2369 deg
   Elevation = 1525.0 m
   Timezone = America/Santiago
==================
[INFO]2022-12-30 22:30:57 | Connecting to the telescope...
[INFO]2022-12-30 22:30:57 | Telescope connected
[INFO]2022-12-30 22:30:57 | Connecting to the Camera...
[INFO]2022-12-30 22:30:57 | Camera connected
[INFO]2022-12-30 22:30:57 | Connecting to the Filterwheel...
[INFO]2022-12-30 22:30:57 | Filterwheel connected
[INFO]2022-12-30 22:31:23 | Observer information setting compleated!
==================
   Observer = Hyeonho Choi
   Observatory = 7DT_01
   Latitude = -30.4725 deg
   Longitude = 289.2369 deg
   Elevation = 1525.0 m
   Timezone = America/Santiago
==================
[INFO]2022-12-30 22:31:23 | Connecting to the telescope...
[INFO]2022-12-30 22:31:23 | Telescope connected
[INFO]2022-12-30 22:31:23 | Connecting to the Camera...
[INFO]2022-12-30 22:31:23 | Camera connected
[INFO]2022-12-30 22:31:23 | Connecting to the Filterwheel...
[INFO]2022-12-30 22:31:23 | Filterwheel connected
[INFO]2022-12-30 22:31:26 | Start checking status
[INFO]2022-12-30 22:31:26 | [Connected] Telescope
[INFO]2022-12-30 22:31:26 | [Connected] Camera
[INFO]2022-12-30 22:31:26 | [Connected] Focuser
[INFO]2022-12-30 22:31:26 | [Connected] FilterWheel
[INFO]2022-12-30 22:31:26 | [Connected] Observer (Localtime : 2022-12-30 10:31:26.713848-03:00)
[INFO]2022-12-30 22:33:26 | Observer information setting compleated!
==================
   Observer = Hyeonho Choi
   Observatory = 7DT_01
   Latitude = -30.4725 deg
   Longitude = 289.2369 deg
   Elevation = 1525.0 m
   Timezone = America/Santiago
==================
[INFO]2022-12-30 22:33:26 | Connecting to the telescope...
[INFO]2022-12-30 22:33:26 | Telescope connected
[INFO]2022-12-30 22:33:26 | Connecting to the Camera...
[INFO]2022-12-30 22:33:26 | Camera connected
[INFO]2022-12-30 22:33:26 | Connecting to the Filterwheel...
[INFO]2022-12-30 22:33:26 | Filterwheel connected
[INFO]2022-12-30 22:33:29 | Start checking status
[INFO]2022-12-30 22:33:29 | [Connected] Telescope
[INFO]2022-12-30 22:33:29 | [Connected] Camera
[INFO]2022-12-30 22:33:29 | [Connected] Focuser
[INFO]2022-12-30 22:33:29 | [Connected] FilterWheel
[INFO]2022-12-30 22:33:29 | [Connected] Observer (Localtime : 2022-12-30 10:33:29.711731-03:00)
[INFO]2022-12-30 22:34:39 | Observer information setting compleated!
==================
   Observer = Hyeonho Choi
   Observatory = 7DT_01
   Latitude = -30.4725 deg
   Longitude = 289.2369 deg
   Elevation = 1525.0 m
   Timezone = America/Santiago
==================
[INFO]2022-12-30 22:34:39 | Connecting to the telescope...
[INFO]2022-12-30 22:34:39 | Telescope connected
[INFO]2022-12-30 22:34:40 | Connecting to the Camera...
[INFO]2022-12-30 22:34:40 | Camera connected
[INFO]2022-12-30 22:34:40 | Connecting to the Filterwheel...
[INFO]2022-12-30 22:34:40 | Filterwheel connected
[INFO]2022-12-30 22:34:43 | Start checking status
[INFO]2022-12-30 22:34:43 | [Connected] Telescope
[INFO]2022-12-30 22:34:43 | [Connected] Camera
[INFO]2022-12-30 22:34:43 | [Connected] Focuser
[INFO]2022-12-30 22:34:43 | [Connected] FilterWheel
[INFO]2022-12-30 22:34:43 | [Connected] Observer (Localtime : 2022-12-30 10:34:43.152084-03:00)
[INFO]2022-12-30 22:37:37 | [BIAS] Start exposure for bias
[INFO]2022-12-30 22:37:38 | [BIAS] Exposure finished
