[INFO]2023-01-07 15:16:58 | Observer information setting compleated!
==================
   Observer = Hyeonho Choi
   Observatory = DFOSC
   Latitude = -29.2563 deg
   Longitude = 70.738 deg
   Elevation = 2400.0 m
   Timezone = America/Santiago
==================
[INFO]2023-01-07 15:40:31 | Observer information setting compleated!
==================
   Observer = Hyeonho Choi
   Observatory = 7DT_01
   Latitude = -30.4725 deg
   Longitude = 289.2369 deg
   Elevation = 1525.0 m
   Timezone = America/Santiago
==================
[INFO]2023-01-07 15:40:31 | Connecting to the telescope...
[INFO]2023-01-07 15:40:31 | Telescope connected
[INFO]2023-01-07 15:40:42 | Observer information setting compleated!
==================
   Observer = Hyeonho Choi
   Observatory = 7DT_01
   Latitude = -30.4725 deg
   Longitude = 289.2369 deg
   Elevation = 1525.0 m
   Timezone = America/Santiago
==================
[INFO]2023-01-07 15:40:49 | Observer information setting compleated!
==================
   Observer = Hyeonho Choi
   Observatory = 7DT_01
   Latitude = -30.4725 deg
   Longitude = 289.2369 deg
   Elevation = 1525.0 m
   Timezone = America/Santiago
==================
[INFO]2023-01-07 15:40:49 | Connecting to the telescope...
[INFO]2023-01-07 15:40:49 | Telescope connected
[INFO]2023-01-07 15:43:17 | Observer information setting compleated!
==================
   Observer = Hyeonho Choi
   Observatory = 7DT_01
   Latitude = -30.4725 deg
   Longitude = 289.2369 deg
   Elevation = 1525.0 m
   Timezone = America/Santiago
==================
