[INFO]2023-02-24 13:52:24 | Observer information setting compleated!
==================
   Observer = Hyeonho Choi
   Observatory = 7DT_01
   Latitude = -30.4725 deg
   Longitude = 289.2369 deg
   Elevation = 1525.0 m
   Timezone = America/Santiago
==================
[INFO]2023-02-24 13:52:29 | Observer information setting compleated!
==================
   Observer = Hyeonho Choi
   Observatory = 7DT_01
   Latitude = -30.4725 deg
   Longitude = 289.2369 deg
   Elevation = 1525.0 m
   Timezone = America/Santiago
==================
[INFO]2023-02-24 13:52:29 | Connecting to the telescope...
[INFO]2023-02-24 13:52:29 | Telescope connected
[INFO]2023-02-24 13:54:18 | Observer information setting compleated!
==================
   Observer = Hyeonho Choi
   Observatory = 7DT_01
   Latitude = -30.4725 deg
   Longitude = 289.2369 deg
   Elevation = 1525.0 m
   Timezone = America/Santiago
==================
[INFO]2023-02-24 13:54:18 | Connecting to the telescope...
[INFO]2023-02-24 13:54:18 | Telescope connected
[INFO]2023-02-24 13:54:43 | Slewing to the coordinate (Alt = 70.0, Az = 130.0)
[INFO]2023-02-24 13:54:51 | Slewing finished. Current coordinate (Alt = 70.0, Az = 130.0)
[INFO]2023-02-24 13:54:57 | Observer information setting compleated!
==================
   Observer = Hyeonho Choi
   Observatory = 7DT_01
   Latitude = -30.4725 deg
   Longitude = 289.2369 deg
   Elevation = 1525.0 m
   Timezone = America/Santiago
==================
[INFO]2023-02-24 13:54:57 | Connecting to the telescope...
[INFO]2023-02-24 13:54:57 | Telescope connected
[INFO]2023-02-24 13:55:14 | Slewing to the coordinate (Alt = 20.0, Az = 270.0)
[CRITICAL]2023-02-24 13:55:14 | Destination altitude below limit (20.0deg)
[INFO]2023-02-24 13:55:21 | Slewing to the coordinate (Alt = 30.0, Az = 270.0)
[WARNING]2023-02-24 14:03:09 | CCD Temperature cannot be reached to the set temp, current temp : -15
[INFO]2023-02-24 17:03:34 | Observer information setting compleated!
==================
   Observer = Hyeonho Choi
   Observatory = 7DT_01
   Latitude = -30.4725 deg
   Longitude = 289.2369 deg
   Elevation = 1525.0 m
   Timezone = America/Santiago
==================
