[INFO]2023-02-16 15:45:49 | Observer information setting compleated!
==================
   Observer = Hyeonho Choi
   Observatory = 7DT_01
   Latitude = -30.4725 deg
   Longitude = 289.2369 deg
   Elevation = 1525.0 m
   Timezone = America/Santiago
==================
[INFO]2023-02-16 15:45:49 | Connecting to the telescope...
[INFO]2023-02-16 15:45:49 | Telescope connected
[INFO]2023-02-16 15:45:50 | Connecting to the Camera...
[INFO]2023-02-16 15:45:50 | Camera connected
[INFO]2023-02-16 15:45:51 | Connecting to the Filterwheel...
[INFO]2023-02-16 15:45:51 | Filterwheel connected
[INFO]2023-02-16 15:45:52 | Connecting to the weather station...
[INFO]2023-02-16 15:45:53 | Weather device connected
[INFO]2023-02-16 15:45:54 | Connecting to the Focuser...
[INFO]2023-02-16 15:45:54 | Focuser connected
[INFO]2023-02-16 15:45:58 | ======== Checking connection ========
[INFO]2023-02-16 15:45:58 | [Connected] telescope
[INFO]2023-02-16 15:45:58 | [Connected] camera
[INFO]2023-02-16 15:45:58 | [Connected] filterwheel
[INFO]2023-02-16 15:45:58 | [Connected] weather
[INFO]2023-02-16 15:45:58 | [Connected] focuser
[INFO]2023-02-16 15:45:58 | [Connected] Observer
[INFO]2023-02-16 15:45:58 | ======== Checking connection finished ========
[INFO]2023-02-16 15:46:01 | ======== Checking weather condition ========
[INFO]2023-02-16 15:46:01 | Weather condition is good
[INFO]2023-02-16 15:46:01 | ======== Checking weather finished ========
[INFO]2023-02-16 15:57:16 | Observer information setting compleated!
==================
   Observer = Hyeonho Choi
   Observatory = 7DT_01
   Latitude = -30.4725 deg
   Longitude = 289.2369 deg
   Elevation = 1525.0 m
   Timezone = America/Santiago
==================
[INFO]2023-02-16 15:57:16 | Connecting to the telescope...
[INFO]2023-02-16 15:57:16 | Telescope connected
[INFO]2023-02-16 15:57:17 | Connecting to the Camera...
[INFO]2023-02-16 15:57:17 | Camera connected
[INFO]2023-02-16 15:57:18 | Connecting to the Filterwheel...
[INFO]2023-02-16 15:57:18 | Filterwheel connected
[INFO]2023-02-16 15:57:19 | Connecting to the weather station...
[INFO]2023-02-16 15:57:19 | Weather device connected
[INFO]2023-02-16 15:57:20 | Connecting to the Focuser...
[INFO]2023-02-16 15:57:20 | Focuser connected
[INFO]2023-02-16 15:57:24 | ======== Checking connection ========
[INFO]2023-02-16 15:57:24 | [Connected] telescope
[INFO]2023-02-16 15:57:24 | [Connected] camera
[INFO]2023-02-16 15:57:24 | [Connected] filterwheel
[INFO]2023-02-16 15:57:24 | [Connected] weather
[INFO]2023-02-16 15:57:24 | [Connected] focuser
[INFO]2023-02-16 15:57:24 | [Connected] Observer
[INFO]2023-02-16 15:57:24 | ======== Checking connection finished ========
[INFO]2023-02-16 15:57:27 | ======== Checking weather condition ========
[INFO]2023-02-16 15:57:27 | Weather condition is good
[INFO]2023-02-16 15:57:27 | ======== Checking weather finished ========
[INFO]2023-02-16 15:57:27 | Parking telescope...
[INFO]2023-02-16 15:57:28 | Telescope parked
[INFO]2023-02-16 15:57:28 | Unparking telescope...
[INFO]2023-02-16 15:57:28 | Telescope Unparked
[INFO]2023-02-16 15:57:28 | Start cooling...
[INFO]2023-02-16 15:57:28 | Cooling finished. Set temperature : -15.0
[CRITICAL]2023-02-16 15:57:28 | Startup completed
[INFO]2023-02-16 16:00:52 | Observer information setting compleated!
==================
   Observer = Hyeonho Choi
   Observatory = 7DT_01
   Latitude = -30.4725 deg
   Longitude = 289.2369 deg
   Elevation = 1525.0 m
   Timezone = America/Santiago
==================
[INFO]2023-02-16 16:00:52 | Connecting to the telescope...
[INFO]2023-02-16 16:00:52 | Telescope connected
[INFO]2023-02-16 16:00:53 | Connecting to the Camera...
[INFO]2023-02-16 16:00:53 | Camera connected
[INFO]2023-02-16 16:00:55 | Connecting to the Filterwheel...
[INFO]2023-02-16 16:00:55 | Filterwheel connected
[INFO]2023-02-16 16:00:56 | Connecting to the weather station...
[INFO]2023-02-16 16:00:56 | Weather device connected
[INFO]2023-02-16 16:00:57 | Connecting to the Focuser...
[INFO]2023-02-16 16:00:57 | Focuser connected
[INFO]2023-02-16 16:01:01 | ======== Checking connection ========
[INFO]2023-02-16 16:01:01 | [Connected] telescope
[INFO]2023-02-16 16:01:01 | [Connected] camera
[INFO]2023-02-16 16:01:01 | [Connected] filterwheel
[INFO]2023-02-16 16:01:01 | [Connected] weather
[INFO]2023-02-16 16:01:01 | [Connected] focuser
[INFO]2023-02-16 16:01:01 | [Connected] Observer
[INFO]2023-02-16 16:01:01 | ======== Checking connection finished ========
[INFO]2023-02-16 16:01:04 | ======== Checking weather condition ========
[INFO]2023-02-16 16:01:04 | Weather condition is good
[INFO]2023-02-16 16:01:04 | ======== Checking weather finished ========
[INFO]2023-02-16 16:01:04 | Parking telescope...
[INFO]2023-02-16 16:01:05 | Telescope parked
[INFO]2023-02-16 16:01:05 | Unparking telescope...
[INFO]2023-02-16 16:01:05 | Telescope Unparked
[INFO]2023-02-16 16:01:05 | Start cooling...
[INFO]2023-02-16 16:01:05 | Cooling finished. Set temperature : -15.0
[INFO]2023-02-16 16:01:05 | Startup completed
[INFO]2023-02-16 16:01:33 | Observer information setting compleated!
==================
   Observer = Hyeonho Choi
   Observatory = 7DT_01
   Latitude = -30.4725 deg
   Longitude = 289.2369 deg
   Elevation = 1525.0 m
   Timezone = America/Santiago
==================
[INFO]2023-02-16 16:01:33 | Connecting to the telescope...
[INFO]2023-02-16 16:01:33 | Telescope connected
[INFO]2023-02-16 16:01:34 | Connecting to the Camera...
[INFO]2023-02-16 16:01:34 | Camera connected
[INFO]2023-02-16 16:01:35 | Connecting to the Filterwheel...
[INFO]2023-02-16 16:01:35 | Filterwheel connected
[INFO]2023-02-16 16:01:36 | Connecting to the weather station...
[INFO]2023-02-16 16:01:36 | Weather device connected
[INFO]2023-02-16 16:01:37 | Connecting to the Focuser...
[INFO]2023-02-16 16:01:37 | Focuser connected
[INFO]2023-02-16 16:01:41 | ======== Checking connection ========
[INFO]2023-02-16 16:01:42 | [Connected] telescope
[INFO]2023-02-16 16:01:42 | [Connected] camera
[INFO]2023-02-16 16:01:42 | [Connected] filterwheel
[INFO]2023-02-16 16:01:42 | [Connected] weather
[INFO]2023-02-16 16:01:42 | [Connected] focuser
[INFO]2023-02-16 16:01:42 | [Connected] Observer
[INFO]2023-02-16 16:01:42 | ======== Checking connection finished ========
[INFO]2023-02-16 16:01:45 | ======== Checking weather condition ========
[INFO]2023-02-16 16:01:45 | Weather condition is good
[INFO]2023-02-16 16:01:45 | ======== Checking weather finished ========
[INFO]2023-02-16 16:01:45 | Parking telescope...
[INFO]2023-02-16 16:01:45 | Telescope parked
[INFO]2023-02-16 16:01:45 | Unparking telescope...
[INFO]2023-02-16 16:01:45 | Telescope Unparked
[INFO]2023-02-16 16:01:45 | Start cooling...
[INFO]2023-02-16 16:01:45 | Cooling finished. Set temperature : -15.0
[INFO]2023-02-16 16:01:45 | Startup completed
[INFO]2023-02-16 16:06:41 | Observer information setting compleated!
==================
   Observer = Hyeonho Choi
   Observatory = 7DT_01
   Latitude = -30.4725 deg
   Longitude = 289.2369 deg
   Elevation = 1525.0 m
   Timezone = America/Santiago
==================
[INFO]2023-02-16 16:06:41 | Connecting to the telescope...
[INFO]2023-02-16 16:06:41 | Telescope connected
[INFO]2023-02-16 16:06:43 | Connecting to the Camera...
[INFO]2023-02-16 16:06:43 | Camera connected
[INFO]2023-02-16 16:06:44 | Connecting to the Filterwheel...
[INFO]2023-02-16 16:06:44 | Filterwheel connected
[INFO]2023-02-16 16:06:45 | Connecting to the weather station...
[INFO]2023-02-16 16:06:45 | Weather device connected
[INFO]2023-02-16 16:06:46 | Connecting to the Focuser...
[INFO]2023-02-16 16:06:46 | Focuser connected
[INFO]2023-02-16 16:06:50 | ======== Checking connection ========
[INFO]2023-02-16 16:06:50 | [Connected] telescope
[INFO]2023-02-16 16:06:50 | [Connected] camera
[INFO]2023-02-16 16:06:50 | [Connected] filterwheel
[INFO]2023-02-16 16:06:50 | [Connected] weather
[INFO]2023-02-16 16:06:50 | [Connected] focuser
[INFO]2023-02-16 16:06:50 | [Connected] Observer
[INFO]2023-02-16 16:06:50 | ======== Checking connection finished ========
[INFO]2023-02-16 16:06:53 | ======== Checking weather condition ========
[INFO]2023-02-16 16:06:53 | Weather condition is good
[INFO]2023-02-16 16:06:53 | ======== Checking weather finished ========
[INFO]2023-02-16 16:06:53 | Parking telescope...
[INFO]2023-02-16 16:06:54 | Telescope parked
[INFO]2023-02-16 16:06:54 | Unparking telescope...
[INFO]2023-02-16 16:06:54 | Telescope Unparked
[INFO]2023-02-16 16:06:54 | Start cooling...
[INFO]2023-02-16 16:06:54 | Cooling finished. Set temperature : -15.0
[INFO]2023-02-16 16:06:54 | Startup completed
[INFO]2023-02-16 16:06:56 | Slewing to the coordinate (RA = 18.463, Dec = -49.151, Alt = 19.3, Az = 136.4)
[CRITICAL]2023-02-16 16:06:56 | Destination altitude below limit (19.3deg)
[INFO]2023-02-16 16:07:03 | Slewing to the coordinate (RA = 0.463, Dec = -49.151, Alt = -10.4, Az = 183.5)
[CRITICAL]2023-02-16 16:07:03 | Destination altitude below limit (-10.4deg)
[INFO]2023-02-16 16:07:09 | Slewing to the coordinate (RA = 12.463, Dec = -49.151, Alt = 70.8, Az = 169.6)
[INFO]2023-02-16 16:07:14 | Slewing finished. Current coordinate (RA = 12.463, Dec = -49.151, Alt = 71.0, Az = 170.2)
[INFO]2023-02-16 16:07:14 | Changing filter... (Current : w425 To : w425)
[INFO]2023-02-16 16:07:14 | Filter changed (Current : w425)
[INFO]2023-02-16 16:07:14 | [LIGHT] Start exposure (exptime = 10.0)
[INFO]2023-02-16 16:08:09 | Observer information setting compleated!
==================
   Observer = Hyeonho Choi
   Observatory = 7DT_01
   Latitude = -30.4725 deg
   Longitude = 289.2369 deg
   Elevation = 1525.0 m
   Timezone = America/Santiago
==================
[INFO]2023-02-16 16:08:10 | Connecting to the telescope...
[INFO]2023-02-16 16:08:10 | Telescope connected
[INFO]2023-02-16 16:08:11 | Connecting to the Camera...
[INFO]2023-02-16 16:08:11 | Camera connected
[INFO]2023-02-16 16:08:12 | Connecting to the Filterwheel...
[INFO]2023-02-16 16:08:12 | Filterwheel connected
[INFO]2023-02-16 16:08:13 | Connecting to the weather station...
[INFO]2023-02-16 16:08:13 | Weather device connected
[INFO]2023-02-16 16:08:14 | Connecting to the Focuser...
[INFO]2023-02-16 16:08:14 | Focuser connected
[INFO]2023-02-16 16:08:18 | ======== Checking connection ========
[INFO]2023-02-16 16:08:18 | [Connected] telescope
[INFO]2023-02-16 16:08:18 | [Connected] camera
[INFO]2023-02-16 16:08:18 | [Connected] filterwheel
[INFO]2023-02-16 16:08:18 | [Connected] weather
[INFO]2023-02-16 16:08:18 | [Connected] focuser
[INFO]2023-02-16 16:08:18 | [Connected] Observer
[INFO]2023-02-16 16:08:18 | ======== Checking connection finished ========
[INFO]2023-02-16 16:08:21 | ======== Checking weather condition ========
[INFO]2023-02-16 16:08:21 | Weather condition is good
[INFO]2023-02-16 16:08:21 | ======== Checking weather finished ========
[INFO]2023-02-16 16:08:21 | Parking telescope...
[INFO]2023-02-16 16:08:27 | Telescope parked
[INFO]2023-02-16 16:08:27 | Unparking telescope...
[INFO]2023-02-16 16:08:27 | Telescope Unparked
[INFO]2023-02-16 16:08:27 | Start cooling...
[INFO]2023-02-16 16:08:27 | Cooling finished. Set temperature : -15.0
[INFO]2023-02-16 16:08:27 | Startup completed
[INFO]2023-02-16 16:09:17 | Slewing to the coordinate (RA = 12.463, Dec = -49.151, Alt = 70.9, Az = 170.7)
[INFO]2023-02-16 16:09:23 | Slewing finished. Current coordinate (RA = 12.463, Dec = -49.151, Alt = 71.0, Az = 171.3)
[INFO]2023-02-16 16:09:23 | Changing filter... (Current : w425 To : w475)
[INFO]2023-02-16 16:09:28 | Filter changed (Current : w475)
[INFO]2023-02-16 16:09:28 | [LIGHT] Start exposure (exptime = 10.0)
[INFO]2023-02-16 16:09:39 | [LIGHT] Exposure finished (exptime = 10.0)
[INFO]2023-02-16 16:10:15 | Slewing to the coordinate (RA = 12.463, Dec = -49.151, Alt = 70.9, Az = 171.1)
[INFO]2023-02-16 16:10:15 | Slewing finished. Current coordinate (RA = 12.463, Dec = -49.151, Alt = 71.1, Az = 171.7)
[INFO]2023-02-16 16:10:15 | Changing filter... (Current : w475 To : w475)
[INFO]2023-02-16 16:10:15 | Filter changed (Current : w475)
[INFO]2023-02-16 16:10:15 | [LIGHT] Start exposure (exptime = 10.0)
[INFO]2023-02-16 16:10:26 | [LIGHT] Exposure finished (exptime = 10.0)
[INFO]2023-02-16 19:17:54 | Observer information setting compleated!
==================
   Observer = Hyeonho Choi
   Observatory = 7DT_01
   Latitude = -30.4725 deg
   Longitude = 289.2369 deg
   Elevation = 1525.0 m
   Timezone = America/Santiago
==================
[INFO]2023-02-16 19:21:24 | Observer information setting compleated!
==================
   Observer = Hyeonho Choi
   Observatory = 7DT_01
   Latitude = -30.4725 deg
   Longitude = 289.2369 deg
   Elevation = 1525.0 m
   Timezone = America/Santiago
==================
[INFO]2023-02-16 19:21:47 | Observer information setting compleated!
==================
   Observer = Hyeonho Choi
   Observatory = 7DT_01
   Latitude = -30.4725 deg
   Longitude = 289.2369 deg
   Elevation = 1525.0 m
   Timezone = America/Santiago
==================
[INFO]2023-02-16 19:21:56 | Observer information setting compleated!
==================
   Observer = Hyeonho Choi
   Observatory = 7DT_01
   Latitude = -30.4725 deg
   Longitude = 289.2369 deg
   Elevation = 1525.0 m
   Timezone = America/Santiago
==================
[INFO]2023-02-16 19:22:26 | Observer information setting compleated!
==================
   Observer = Hyeonho Choi
   Observatory = 7DT_01
   Latitude = -30.4725 deg
   Longitude = 289.2369 deg
   Elevation = 1525.0 m
   Timezone = America/Santiago
==================
[INFO]2023-02-16 19:22:55 | Connecting to the telescope...
[INFO]2023-02-16 19:22:55 | Telescope connected
[INFO]2023-02-16 19:29:43 | Observer information setting compleated!
==================
   Observer = Hyeonho Choi
   Observatory = 7DT_01
   Latitude = -30.4725 deg
   Longitude = 289.2369 deg
   Elevation = 1525.0 m
   Timezone = America/Santiago
==================
[INFO]2023-02-16 19:29:54 | Connecting to the telescope...
[INFO]2023-02-16 19:29:54 | Telescope connected
[INFO]2023-02-16 19:29:55 | Connecting to the weather station...
[INFO]2023-02-16 19:29:55 | Weather device connected
[INFO]2023-02-16 19:29:56 | Connecting to the Focuser...
[INFO]2023-02-16 19:29:56 | Focuser connected
[INFO]2023-02-16 19:30:01 | ======== Checking connection ========
[INFO]2023-02-16 19:30:12 | [Connected] telescope
[CRITICAL]2023-02-16 19:30:12 | [Not Connected] camera
[CRITICAL]2023-02-16 19:30:12 | [Not Connected] filterwheel
[INFO]2023-02-16 19:30:12 | [Connected] weather
[INFO]2023-02-16 19:30:12 | [Connected] focuser
[INFO]2023-02-16 19:30:12 | [Connected] Observer
[INFO]2023-02-16 19:30:12 | ======== Checking connection finished ========
[INFO]2023-02-16 19:30:15 | ======== Checking weather condition ========
[INFO]2023-02-16 19:30:15 | Weather condition is good
[INFO]2023-02-16 19:30:15 | ======== Checking weather finished ========
[INFO]2023-02-16 19:41:13 | Observer information setting compleated!
==================
   Observer = Hyeonho Choi
   Observatory = 7DT_01
   Latitude = -30.4725 deg
   Longitude = 289.2369 deg
   Elevation = 1525.0 m
   Timezone = America/Santiago
==================
[INFO]2023-02-16 19:41:27 | Connecting to the telescope...
[INFO]2023-02-16 19:41:27 | Telescope connected
[INFO]2023-02-16 19:41:28 | Connecting to the weather station...
[INFO]2023-02-16 19:41:28 | Weather device connected
[INFO]2023-02-16 19:41:29 | Connecting to the Focuser...
[INFO]2023-02-16 19:41:29 | Focuser connected
[INFO]2023-02-16 19:42:43 | Observer information setting compleated!
==================
   Observer = Hyeonho Choi
   Observatory = 7DT_01
   Latitude = -30.4725 deg
   Longitude = 289.2369 deg
   Elevation = 1525.0 m
   Timezone = America/Santiago
==================
[INFO]2023-02-16 19:42:57 | Connecting to the telescope...
[INFO]2023-02-16 19:42:57 | Telescope connected
[INFO]2023-02-16 19:42:58 | Connecting to the weather station...
[INFO]2023-02-16 19:42:58 | Weather device connected
[INFO]2023-02-16 19:42:59 | Connecting to the Focuser...
[INFO]2023-02-16 19:42:59 | Focuser connected
[INFO]2023-02-16 19:43:04 | ======== Checking connection ========
[CRITICAL]2023-02-16 19:43:15 | [Not registered] telescope
[CRITICAL]2023-02-16 19:43:15 | [Not Connected] camera
[CRITICAL]2023-02-16 19:43:15 | [Not Connected] filterwheel
[CRITICAL]2023-02-16 19:43:15 | [Not registered] weather
[CRITICAL]2023-02-16 19:43:15 | [Not registered] focuser
[INFO]2023-02-16 19:43:15 | [Connected] Observer
[CRITICAL]2023-02-16 19:43:15 | Telescope & Camera must be connected. Startup process stopped
[INFO]2023-02-16 19:43:15 | ======== Checking connection finished ========
[INFO]2023-02-16 19:43:18 | ======== Checking weather condition ========
[INFO]2023-02-16 19:43:57 | ======== Checking connection ========
[CRITICAL]2023-02-16 19:46:45 | [Not registered] telescope
[CRITICAL]2023-02-16 19:46:45 | [Not Connected] camera
[CRITICAL]2023-02-16 19:47:16 | [Not registered] telescope
[CRITICAL]2023-02-16 19:47:16 | [Not Connected] camera
[CRITICAL]2023-02-16 19:47:16 | [Not Connected] filterwheel
[CRITICAL]2023-02-16 19:47:16 | [Not registered] weather
[CRITICAL]2023-02-16 19:47:16 | [Not registered] focuser
[INFO]2023-02-16 19:47:56 | [Connected] telescope
[CRITICAL]2023-02-16 19:47:56 | [Not registered] camera
[CRITICAL]2023-02-16 19:47:56 | [Not registered] filterwheel
[INFO]2023-02-16 19:47:56 | [Connected] weather
[INFO]2023-02-16 19:47:56 | [Connected] focuser
[INFO]2023-02-16 19:48:06 | Observer information setting compleated!
==================
   Observer = Hyeonho Choi
   Observatory = 7DT_01
   Latitude = -30.4725 deg
   Longitude = 289.2369 deg
   Elevation = 1525.0 m
   Timezone = America/Santiago
==================
[INFO]2023-02-16 19:48:16 | Connecting to the telescope...
[INFO]2023-02-16 19:48:16 | Telescope connected
[INFO]2023-02-16 19:48:17 | Connecting to the weather station...
[INFO]2023-02-16 19:48:17 | Weather device connected
[INFO]2023-02-16 19:48:18 | Connecting to the Focuser...
[INFO]2023-02-16 19:48:18 | Focuser connected
[INFO]2023-02-16 19:48:23 | ======== Checking connection ========
[INFO]2023-02-16 19:48:33 | [Connected] telescope
[CRITICAL]2023-02-16 19:48:33 | [Not registered] camera
[CRITICAL]2023-02-16 19:48:33 | [Not registered] filterwheel
[INFO]2023-02-16 19:48:33 | [Connected] weather
[INFO]2023-02-16 19:48:33 | [Connected] focuser
[INFO]2023-02-16 19:48:33 | [Connected] Observer
[INFO]2023-02-16 19:48:33 | ======== Checking connection finished ========
[INFO]2023-02-16 19:48:36 | ======== Checking weather condition ========
[INFO]2023-02-16 19:50:47 | [Connected] Observer
[INFO]2023-02-16 19:50:47 | ======== Checking connection finished ========
[INFO]2023-02-16 19:50:50 | ======== Checking weather condition ========
[INFO]2023-02-16 19:50:50 | Weather condition is good
[INFO]2023-02-16 19:50:50 | ======== Checking weather finished ========
[INFO]2023-02-16 19:50:59 | Observer information setting compleated!
==================
   Observer = Hyeonho Choi
   Observatory = 7DT_01
   Latitude = -30.4725 deg
   Longitude = 289.2369 deg
   Elevation = 1525.0 m
   Timezone = America/Santiago
==================
[INFO]2023-02-16 19:51:00 | Connecting to the telescope...
[INFO]2023-02-16 19:51:00 | Telescope connected
[INFO]2023-02-16 19:51:01 | Connecting to the Camera...
[INFO]2023-02-16 19:51:01 | Camera connected
[INFO]2023-02-16 19:51:02 | Connecting to the Filterwheel...
[INFO]2023-02-16 19:51:02 | Filterwheel connected
[INFO]2023-02-16 19:51:03 | Connecting to the weather station...
[INFO]2023-02-16 19:51:03 | Weather device connected
[INFO]2023-02-16 19:51:04 | Connecting to the Focuser...
[INFO]2023-02-16 19:51:04 | Focuser connected
[INFO]2023-02-16 19:51:09 | ======== Checking connection ========
[INFO]2023-02-16 19:51:10 | [Connected] telescope
[INFO]2023-02-16 19:51:10 | [Connected] camera
[INFO]2023-02-16 19:51:10 | [Connected] filterwheel
[INFO]2023-02-16 19:51:10 | [Connected] weather
[INFO]2023-02-16 19:51:10 | [Connected] focuser
[INFO]2023-02-16 19:51:10 | [Connected] Observer
[INFO]2023-02-16 19:51:10 | ======== Checking connection finished ========
[INFO]2023-02-16 19:51:13 | ======== Checking weather condition ========
[INFO]2023-02-16 19:51:13 | Weather condition is good
[INFO]2023-02-16 19:51:13 | ======== Checking weather finished ========
[INFO]2023-02-16 19:51:13 | Parking telescope...
[INFO]2023-02-16 19:51:19 | Telescope parked
[INFO]2023-02-16 19:51:19 | Unparking telescope...
[INFO]2023-02-16 19:51:19 | Telescope Unparked
[INFO]2023-02-16 19:51:19 | Start cooling...
[INFO]2023-02-16 19:51:19 | Cooling finished. Set temperature : -15.0
[INFO]2023-02-16 19:51:19 | Startup completed
[INFO]2023-02-16 19:52:28 | Observer information setting compleated!
==================
   Observer = Hyeonho Choi
   Observatory = 7DT_01
   Latitude = -30.4725 deg
   Longitude = 289.2369 deg
   Elevation = 1525.0 m
   Timezone = America/Santiago
==================
[INFO]2023-02-16 19:52:28 | Connecting to the telescope...
[INFO]2023-02-16 19:52:28 | Telescope connected
[INFO]2023-02-16 19:52:29 | Connecting to the Camera...
[INFO]2023-02-16 19:52:29 | Camera connected
[INFO]2023-02-16 19:52:30 | Connecting to the Filterwheel...
[INFO]2023-02-16 19:52:30 | Filterwheel connected
[INFO]2023-02-16 19:52:31 | Connecting to the weather station...
[INFO]2023-02-16 19:52:31 | Weather device connected
[INFO]2023-02-16 19:52:33 | Connecting to the Focuser...
[INFO]2023-02-16 19:52:33 | Focuser connected
[INFO]2023-02-16 19:52:57 | Observer information setting compleated!
==================
   Observer = Hyeonho Choi
   Observatory = 7DT_01
   Latitude = -30.4725 deg
   Longitude = 289.2369 deg
   Elevation = 1525.0 m
   Timezone = America/Santiago
==================
[INFO]2023-02-16 19:52:57 | Connecting to the telescope...
[INFO]2023-02-16 19:52:57 | Telescope connected
[INFO]2023-02-16 19:52:58 | Connecting to the Camera...
[INFO]2023-02-16 19:52:58 | Camera connected
[INFO]2023-02-16 19:52:59 | Connecting to the Filterwheel...
[INFO]2023-02-16 19:52:59 | Filterwheel connected
[INFO]2023-02-16 19:53:00 | Connecting to the weather station...
[INFO]2023-02-16 19:53:00 | Weather device connected
[INFO]2023-02-16 19:53:01 | Connecting to the Focuser...
[INFO]2023-02-16 19:53:01 | Focuser connected
[INFO]2023-02-16 19:53:06 | ======== Checking connection ========
[INFO]2023-02-16 19:53:06 | [Connected] telescope
[INFO]2023-02-16 19:53:06 | [Connected] camera
[INFO]2023-02-16 19:53:06 | [Connected] filterwheel
[INFO]2023-02-16 19:53:06 | [Connected] weather
[INFO]2023-02-16 19:53:06 | [Connected] focuser
[INFO]2023-02-16 19:53:06 | [Connected] Observer
[INFO]2023-02-16 19:53:06 | ======== Checking connection finished ========
[INFO]2023-02-16 19:53:09 | ======== Checking weather condition ========
[INFO]2023-02-16 19:53:09 | Weather condition is good
[INFO]2023-02-16 19:53:09 | ======== Checking weather finished ========
[INFO]2023-02-16 19:53:09 | Parking telescope...
[INFO]2023-02-16 19:53:10 | Telescope parked
[INFO]2023-02-16 19:53:10 | Unparking telescope...
[INFO]2023-02-16 19:53:10 | Telescope Unparked
[INFO]2023-02-16 19:53:10 | Start cooling...
[INFO]2023-02-16 19:53:10 | Cooling finished. Set temperature : -15.0
[INFO]2023-02-16 19:53:10 | ======== Startup completed ========
[INFO]2023-02-16 19:54:07 | Slewing to the coordinate (RA = 12.463, Dec = -49.151, Alt = 47.1, Az = 228.8)
[INFO]2023-02-16 19:54:14 | Slewing finished. Current coordinate (RA = 12.463, Dec = -49.151, Alt = 46.9, Az = 229.0)
[INFO]2023-02-16 19:54:14 | Changing filter... (Current : w475 To : w475)
[INFO]2023-02-16 19:54:14 | Filter changed (Current : w475)
[INFO]2023-02-16 19:54:15 | [LIGHT] Start exposure (exptime = 10.0)
[INFO]2023-02-16 19:54:25 | [LIGHT] Exposure finished (exptime = 10.0)
[INFO]2023-02-16 20:06:08 | Observer information setting compleated!
==================
   Observer = Hyeonho Choi
   Observatory = 7DT_01
   Latitude = -30.4725 deg
   Longitude = 289.2369 deg
   Elevation = 1525.0 m
   Timezone = America/Santiago
==================
[INFO]2023-02-16 20:06:08 | Connecting to the telescope...
[INFO]2023-02-16 20:06:08 | Telescope connected
[INFO]2023-02-16 20:06:09 | Connecting to the Camera...
[INFO]2023-02-16 20:06:09 | Camera connected
[INFO]2023-02-16 20:06:10 | Connecting to the Filterwheel...
[INFO]2023-02-16 20:06:10 | Filterwheel connected
[INFO]2023-02-16 20:06:11 | Connecting to the weather station...
[INFO]2023-02-16 20:06:11 | Weather device connected
[INFO]2023-02-16 20:06:12 | Connecting to the Focuser...
[INFO]2023-02-16 20:06:12 | Focuser connected
[INFO]2023-02-16 20:06:17 | ======== Checking connection ========
[INFO]2023-02-16 20:06:18 | [Connected] telescope
[INFO]2023-02-16 20:06:18 | [Connected] camera
[INFO]2023-02-16 20:06:18 | [Connected] filterwheel
[INFO]2023-02-16 20:06:18 | [Connected] weather
[INFO]2023-02-16 20:06:18 | [Connected] focuser
[INFO]2023-02-16 20:06:18 | [Connected] Observer
[INFO]2023-02-16 20:06:18 | ======== Checking connection finished ========
[INFO]2023-02-16 20:06:21 | ======== Checking weather condition ========
[INFO]2023-02-16 20:06:21 | Weather condition is good
[INFO]2023-02-16 20:06:21 | ======== Checking weather finished ========
[INFO]2023-02-16 20:06:21 | Parking telescope...
[INFO]2023-02-16 20:06:28 | Telescope parked
[INFO]2023-02-16 20:06:28 | Unparking telescope...
[INFO]2023-02-16 20:06:28 | Telescope Unparked
[INFO]2023-02-16 20:06:28 | Start cooling...
[INFO]2023-02-16 20:06:28 | Cooling finished. Set temperature : -15.0
[INFO]2023-02-16 20:06:28 | ======== Startup completed ========
[INFO]2023-02-16 20:06:58 | Slewing to the coordinate (RA = 0.831, Dec = -49.151, Alt = 0.9, Az = 150.1)
[CRITICAL]2023-02-16 20:06:58 | Destination altitude below limit (0.9deg)
[INFO]2023-02-16 20:07:05 | Slewing to the coordinate (RA = 1.231, Dec = -49.151, Alt = -1.5, Az = 153.2)
[CRITICAL]2023-02-16 20:07:05 | Destination altitude below limit (-1.5deg)
[INFO]2023-02-16 20:07:11 | Slewing to the coordinate (RA = 0.164, Dec = -49.151, Alt = 5.5, Az = 145.4)
[CRITICAL]2023-02-16 20:07:11 | Destination altitude below limit (5.5deg)
[INFO]2023-02-16 20:12:52 | Slewing to the coordinate (RA = 0.164, Dec = -49.151, Alt = 6.2, Az = 144.8)
[CRITICAL]2023-02-16 20:12:52 | Destination altitude below limit (6.2deg)
[INFO]2023-02-16 20:34:48 | Observer information setting compleated!
==================
   Observer = Hyeonho Choi
   Observatory = 7DT_01
   Latitude = -30.4725 deg
   Longitude = 289.2369 deg
   Elevation = 1525.0 m
   Timezone = America/Santiago
==================
[INFO]2023-02-16 20:37:33 | Observer information setting compleated!
==================
   Observer = Hyeonho Choi
   Observatory = 7DT_01
   Latitude = -30.4725 deg
   Longitude = 289.2369 deg
   Elevation = 1525.0 m
   Timezone = America/Santiago
==================
[INFO]2023-02-16 20:37:39 | Observer information setting compleated!
==================
   Observer = Hyeonho Choi
   Observatory = 7DT_01
   Latitude = -30.4725 deg
   Longitude = 289.2369 deg
   Elevation = 1525.0 m
   Timezone = America/Santiago
==================
[INFO]2023-02-16 20:37:52 | Observer information setting compleated!
==================
   Observer = Hyeonho Choi
   Observatory = 7DT_01
   Latitude = -30.4725 deg
   Longitude = 289.2369 deg
   Elevation = 1525.0 m
   Timezone = America/Santiago
==================
[INFO]2023-02-16 20:38:34 | Observer information setting compleated!
==================
   Observer = Hyeonho Choi
   Observatory = 7DT_01
   Latitude = -30.4725 deg
   Longitude = 289.2369 deg
   Elevation = 1525.0 m
   Timezone = America/Santiago
==================
[INFO]2023-02-16 20:39:07 | Observer information setting compleated!
==================
   Observer = Hyeonho Choi
   Observatory = 7DT_01
   Latitude = -30.4725 deg
   Longitude = 289.2369 deg
   Elevation = 1525.0 m
   Timezone = America/Santiago
==================
[INFO]2023-02-16 20:40:04 | Observer information setting compleated!
==================
   Observer = Hyeonho Choi
   Observatory = 7DT_01
   Latitude = -30.4725 deg
   Longitude = 289.2369 deg
   Elevation = 1525.0 m
   Timezone = America/Santiago
==================
[INFO]2023-02-16 20:40:18 | Observer information setting compleated!
==================
   Observer = Hyeonho Choi
   Observatory = 7DT_01
   Latitude = -30.4725 deg
   Longitude = 289.2369 deg
   Elevation = 1525.0 m
   Timezone = America/Santiago
==================
[INFO]2023-02-16 20:41:13 | Observer information setting compleated!
==================
   Observer = Hyeonho Choi
   Observatory = 7DT_01
   Latitude = -30.4725 deg
   Longitude = 289.2369 deg
   Elevation = 1525.0 m
   Timezone = America/Santiago
==================
[INFO]2023-02-16 20:41:40 | Observer information setting compleated!
==================
   Observer = Hyeonho Choi
   Observatory = 7DT_01
   Latitude = -30.4725 deg
   Longitude = 289.2369 deg
   Elevation = 1525.0 m
   Timezone = America/Santiago
==================
[INFO]2023-02-16 20:47:03 | Observer information setting compleated!
==================
   Observer = Hyeonho Choi
   Observatory = 7DT_01
   Latitude = -30.4725 deg
   Longitude = 289.2369 deg
   Elevation = 1525.0 m
   Timezone = America/Santiago
==================
[INFO]2023-02-16 20:47:46 | Observer information setting compleated!
==================
   Observer = Hyeonho Choi
   Observatory = 7DT_01
   Latitude = -30.4725 deg
   Longitude = 289.2369 deg
   Elevation = 1525.0 m
   Timezone = America/Santiago
==================
[INFO]2023-02-16 20:48:18 | Observer information setting compleated!
==================
   Observer = Hyeonho Choi
   Observatory = 7DT_01
   Latitude = -30.4725 deg
   Longitude = 289.2369 deg
   Elevation = 1525.0 m
   Timezone = America/Santiago
==================
[INFO]2023-02-16 20:48:38 | Observer information setting compleated!
==================
   Observer = Hyeonho Choi
   Observatory = 7DT_01
   Latitude = -30.4725 deg
   Longitude = 289.2369 deg
   Elevation = 1525.0 m
   Timezone = America/Santiago
==================
[INFO]2023-02-16 20:49:55 | Observer information setting compleated!
==================
   Observer = Hyeonho Choi
   Observatory = 7DT_01
   Latitude = -30.4725 deg
   Longitude = 289.2369 deg
   Elevation = 1525.0 m
   Timezone = America/Santiago
==================
[INFO]2023-02-16 20:50:08 | Observer information setting compleated!
==================
   Observer = Hyeonho Choi
   Observatory = 7DT_01
   Latitude = -30.4725 deg
   Longitude = 289.2369 deg
   Elevation = 1525.0 m
   Timezone = America/Santiago
==================
[INFO]2023-02-16 20:52:26 | Observer information setting compleated!
==================
   Observer = Hyeonho Choi
   Observatory = 7DT_01
   Latitude = -30.4725 deg
   Longitude = 289.2369 deg
   Elevation = 1525.0 m
   Timezone = America/Santiago
==================
[INFO]2023-02-16 20:52:26 | Connecting to the telescope...
[INFO]2023-02-16 20:52:26 | Telescope connected
[INFO]2023-02-16 20:52:27 | Connecting to the Camera...
[INFO]2023-02-16 20:52:27 | Camera connected
[INFO]2023-02-16 20:52:28 | Connecting to the Filterwheel...
[INFO]2023-02-16 20:52:28 | Filterwheel connected
[INFO]2023-02-16 20:52:29 | Connecting to the weather station...
[INFO]2023-02-16 20:52:29 | Weather device connected
[INFO]2023-02-16 20:52:30 | Connecting to the Focuser...
[INFO]2023-02-16 20:52:30 | Focuser connected
[INFO]2023-02-16 20:52:36 | ======== Checking connection ========
[INFO]2023-02-16 20:52:36 | [Connected] telescope
[INFO]2023-02-16 20:52:36 | [Connected] camera
[INFO]2023-02-16 20:52:36 | [Connected] filterwheel
[INFO]2023-02-16 20:52:36 | [Connected] weather
[INFO]2023-02-16 20:52:36 | [Connected] focuser
[INFO]2023-02-16 20:52:36 | [Connected] Observer
[INFO]2023-02-16 20:52:36 | ======== Checking connection finished ========
[INFO]2023-02-16 20:52:39 | ======== Checking weather condition ========
[INFO]2023-02-16 20:52:39 | Weather condition is good
[INFO]2023-02-16 20:52:39 | ======== Checking weather finished ========
[INFO]2023-02-16 20:52:39 | Parking telescope...
[INFO]2023-02-16 20:52:39 | Telescope parked
[INFO]2023-02-16 20:52:39 | Unparking telescope...
[INFO]2023-02-16 20:52:39 | Telescope Unparked
[INFO]2023-02-16 20:52:39 | Start cooling...
[INFO]2023-02-16 20:52:39 | Cooling finished. Set temperature : -15.0
[INFO]2023-02-16 20:52:39 | ======== Startup completed ========
[INFO]2023-02-16 20:52:47 | Slewing to the coordinate (RA = 2.463, Dec = -49.151, Alt = 42.2, Az = 229.2)
[INFO]2023-02-16 20:52:53 | Slewing finished. Current coordinate (RA = 2.463, Dec = -49.151, Alt = -3.9, Az = 156.9)
[INFO]2023-02-16 20:52:53 | Changing filter... (Current : w475 To : w475)
[INFO]2023-02-16 20:52:53 | Filter changed (Current : w475)
[INFO]2023-02-16 20:52:53 | [LIGHT] Start exposure (exptime = 10.0)
[INFO]2023-02-16 20:53:03 | [LIGHT] Exposure finished (exptime = 10.0)
[INFO]2023-02-16 20:55:52 | Observer information setting compleated!
==================
   Observer = Hyeonho Choi
   Observatory = 7DT_01
   Latitude = -30.4725 deg
   Longitude = 289.2369 deg
   Elevation = 1525.0 m
   Timezone = America/Santiago
==================
[INFO]2023-02-16 20:55:52 | Connecting to the telescope...
[INFO]2023-02-16 20:55:52 | Telescope connected
[INFO]2023-02-16 20:55:53 | Connecting to the Camera...
[INFO]2023-02-16 20:55:53 | Camera connected
[INFO]2023-02-16 20:55:54 | Connecting to the Filterwheel...
[INFO]2023-02-16 20:55:54 | Filterwheel connected
[INFO]2023-02-16 20:55:55 | Connecting to the weather station...
[INFO]2023-02-16 20:55:55 | Weather device connected
[INFO]2023-02-16 20:55:56 | Connecting to the Focuser...
[INFO]2023-02-16 20:55:56 | Focuser connected
[INFO]2023-02-16 20:56:01 | ======== Checking connection ========
[INFO]2023-02-16 20:56:02 | [Connected] telescope
[INFO]2023-02-16 20:56:02 | [Connected] camera
[INFO]2023-02-16 20:56:02 | [Connected] filterwheel
[INFO]2023-02-16 20:56:02 | [Connected] weather
[INFO]2023-02-16 20:56:02 | [Connected] focuser
[INFO]2023-02-16 20:56:02 | [Connected] Observer
[INFO]2023-02-16 20:56:02 | ======== Checking connection finished ========
[INFO]2023-02-16 20:56:05 | ======== Checking weather condition ========
[INFO]2023-02-16 20:56:05 | Weather condition is good
[INFO]2023-02-16 20:56:05 | ======== Checking weather finished ========
[INFO]2023-02-16 20:56:05 | Parking telescope...
[INFO]2023-02-16 20:56:12 | Telescope parked
[INFO]2023-02-16 20:56:12 | Unparking telescope...
[INFO]2023-02-16 20:56:12 | Telescope Unparked
[INFO]2023-02-16 20:56:12 | Start cooling...
[INFO]2023-02-16 20:56:12 | Cooling finished. Set temperature : -15.0
[INFO]2023-02-16 20:56:12 | ======== Startup completed ========
[INFO]2023-02-16 20:56:13 | Slewing to the coordinate (RA = 2.463, Dec = -49.151, Alt = -3.8, Az = 156.5)
[CRITICAL]2023-02-16 20:56:13 | Destination altitude below limit (-3.8deg)
[INFO]2023-02-16 20:56:47 | Slewing to the coordinate (RA = 12.000, Dec = -49.151, Alt = 32.4, Az = 228.1)
[INFO]2023-02-16 20:56:54 | Slewing finished. Current coordinate (RA = 12.000, Dec = -49.151, Alt = 32.2, Az = 228.2)
[INFO]2023-02-16 20:56:54 | Changing filter... (Current : w475 To : w475)
[INFO]2023-02-16 20:56:54 | Filter changed (Current : w475)
[INFO]2023-02-16 20:56:54 | [LIGHT] Start exposure (exptime = 10.0)
[INFO]2023-02-16 20:57:05 | [LIGHT] Exposure finished (exptime = 10.0)
[INFO]2023-02-16 21:02:39 | Observer information setting compleated!
==================
   Observer = Hyeonho Choi
   Observatory = 7DT_01
   Latitude = -30.4725 deg
   Longitude = 289.2369 deg
   Elevation = 1525.0 m
   Timezone = America/Santiago
==================
[INFO]2023-02-16 21:02:39 | Connecting to the telescope...
[INFO]2023-02-16 21:02:39 | Telescope connected
[INFO]2023-02-16 21:02:40 | Connecting to the Camera...
[INFO]2023-02-16 21:02:40 | Camera connected
[INFO]2023-02-16 21:02:41 | Connecting to the Filterwheel...
[INFO]2023-02-16 21:02:41 | Filterwheel connected
[INFO]2023-02-16 21:02:42 | Connecting to the weather station...
[INFO]2023-02-16 21:02:42 | Weather device connected
[INFO]2023-02-16 21:02:43 | Connecting to the Focuser...
[INFO]2023-02-16 21:02:43 | Focuser connected
[INFO]2023-02-16 21:02:48 | ======== Checking connection ========
[INFO]2023-02-16 21:02:48 | [Connected] telescope
[INFO]2023-02-16 21:02:48 | [Connected] camera
[INFO]2023-02-16 21:02:48 | [Connected] filterwheel
[INFO]2023-02-16 21:02:48 | [Connected] weather
[INFO]2023-02-16 21:02:48 | [Connected] focuser
[INFO]2023-02-16 21:02:48 | [Connected] Observer
[INFO]2023-02-16 21:02:48 | ======== Checking connection finished ========
[INFO]2023-02-16 21:02:51 | ======== Checking weather condition ========
[INFO]2023-02-16 21:02:51 | Weather condition is good
[INFO]2023-02-16 21:02:51 | ======== Checking weather finished ========
[INFO]2023-02-16 21:02:51 | Parking telescope...
[INFO]2023-02-16 21:02:58 | Telescope parked
[INFO]2023-02-16 21:02:58 | Unparking telescope...
[INFO]2023-02-16 21:02:58 | Telescope Unparked
[INFO]2023-02-16 21:02:58 | Start cooling...
[INFO]2023-02-16 21:02:58 | Cooling finished. Set temperature : -15.0
[INFO]2023-02-16 21:02:58 | ======== Startup completed ========
[INFO]2023-02-16 21:03:04 | Slewing to the coordinate (RA = 12.000, Dec = -49.151, Alt = 31.4, Az = 227.9)
[INFO]2023-02-16 21:03:10 | Slewing finished. Current coordinate (RA = 12.000, Dec = -49.151, Alt = 31.2, Az = 227.9)
[INFO]2023-02-16 21:03:10 | Changing filter... (Current : w475 To : w475)
[INFO]2023-02-16 21:03:10 | Filter changed (Current : w475)
[INFO]2023-02-16 21:03:10 | [LIGHT] Start exposure (exptime = 10.0)
[INFO]2023-02-16 21:03:21 | [LIGHT] Exposure finished (exptime = 10.0)
[INFO]2023-02-16 21:04:33 | Observer information setting compleated!
==================
   Observer = Hyeonho Choi
   Observatory = 7DT_01
   Latitude = -30.4725 deg
   Longitude = 289.2369 deg
   Elevation = 1525.0 m
   Timezone = America/Santiago
==================
[INFO]2023-02-16 21:04:33 | Connecting to the telescope...
[INFO]2023-02-16 21:04:33 | Telescope connected
[INFO]2023-02-16 21:04:34 | Connecting to the Camera...
[INFO]2023-02-16 21:04:34 | Camera connected
[INFO]2023-02-16 21:04:35 | Connecting to the Filterwheel...
[INFO]2023-02-16 21:04:35 | Filterwheel connected
[INFO]2023-02-16 21:04:36 | Connecting to the weather station...
[INFO]2023-02-16 21:04:36 | Weather device connected
[INFO]2023-02-16 21:04:37 | Connecting to the Focuser...
[INFO]2023-02-16 21:04:37 | Focuser connected
[INFO]2023-02-16 21:04:42 | ======== Checking connection ========
[INFO]2023-02-16 21:04:43 | [Connected] telescope
[INFO]2023-02-16 21:04:43 | [Connected] camera
[INFO]2023-02-16 21:04:43 | [Connected] filterwheel
[INFO]2023-02-16 21:04:43 | [Connected] weather
[INFO]2023-02-16 21:04:43 | [Connected] focuser
[INFO]2023-02-16 21:04:43 | [Connected] Observer
[INFO]2023-02-16 21:04:43 | ======== Checking connection finished ========
[INFO]2023-02-16 21:04:46 | ======== Checking weather condition ========
[INFO]2023-02-16 21:04:46 | Weather condition is good
[INFO]2023-02-16 21:04:46 | ======== Checking weather finished ========
[INFO]2023-02-16 21:04:46 | Parking telescope...
[INFO]2023-02-16 21:04:52 | Telescope parked
[INFO]2023-02-16 21:04:52 | Unparking telescope...
[INFO]2023-02-16 21:04:52 | Telescope Unparked
[INFO]2023-02-16 21:04:52 | Start cooling...
[INFO]2023-02-16 21:04:52 | Cooling finished. Set temperature : -15.0
[INFO]2023-02-16 21:04:52 | ======== Startup completed ========
[INFO]2023-02-16 21:04:56 | Slewing to the coordinate (Alt = 40.0, Az = 180.0)
[INFO]2023-02-16 21:04:57 | Slewing finished. Current coordinate (Alt = 40.0, Az = 180.0)
[INFO]2023-02-16 21:04:57 | Changing filter... (Current : w475 To : w475)
[INFO]2023-02-16 21:04:57 | Filter changed (Current : w475)
[INFO]2023-02-16 21:04:57 | [LIGHT] Start exposure (exptime = 10.0)
[INFO]2023-02-16 21:05:07 | [LIGHT] Exposure finished (exptime = 10.0)
[INFO]2023-02-16 21:05:15 | Slewing to the coordinate (RA = 12.000, Dec = -49.151, Alt = 31.1, Az = 227.8)
[INFO]2023-02-16 21:05:22 | Slewing finished. Current coordinate (RA = 12.000, Dec = -49.151, Alt = 30.8, Az = 227.9)
[INFO]2023-02-16 21:05:22 | Changing filter... (Current : w475 To : w475)
[INFO]2023-02-16 21:05:22 | Filter changed (Current : w475)
[INFO]2023-02-16 21:05:22 | [LIGHT] Start exposure (exptime = 10.0)
[INFO]2023-02-16 21:05:32 | [LIGHT] Exposure finished (exptime = 10.0)
