[INFO]2023-01-19 17:07:48 | Observer information setting compleated!
==================
   Observer = Hyeonho Choi
   Observatory = BOAO
   Latitude = 36.1648 deg
   Longitude = 128.9766 deg
   Elevation = 1162.0 m
   Timezone = Asia/Seoul
==================
[INFO]2023-01-19 17:08:49 | Observer information setting compleated!
==================
   Observer = Hyeonho Choi
   Observatory = BOAO
   Latitude = 36.1648 deg
   Longitude = 128.9766 deg
   Elevation = 1162.0 m
   Timezone = Asia/Seoul
==================
[INFO]2023-01-19 17:08:54 | Observer information setting compleated!
==================
   Observer = Hyeonho Choi
   Observatory = BOAO
   Latitude = 36.1648 deg
   Longitude = 128.9766 deg
   Elevation = 1162.0 m
   Timezone = Asia/Seoul
==================
[INFO]2023-01-19 17:09:08 | Observer information setting compleated!
==================
   Observer = Hyeonho Choi
   Observatory = BOAO
   Latitude = 36.1648 deg
   Longitude = 128.9766 deg
   Elevation = 1162.0 m
   Timezone = Asia/Seoul
==================
[INFO]2023-01-19 17:15:09 | Observer information setting compleated!
==================
   Observer = Hyeonho Choi
   Observatory = BOAO
   Latitude = 36.1648 deg
   Longitude = 128.9766 deg
   Elevation = 1162.0 m
   Timezone = Asia/Seoul
==================
[INFO]2023-01-19 17:15:37 | Observer information setting compleated!
==================
   Observer = Hyeonho Choi
   Observatory = BOAO
   Latitude = 36.1648 deg
   Longitude = 128.9766 deg
   Elevation = 1162.0 m
   Timezone = Asia/Seoul
==================
[INFO]2023-01-19 17:16:08 | Observer information setting compleated!
==================
   Observer = Hyeonho Choi
   Observatory = BOAO
   Latitude = 36.1648 deg
   Longitude = 128.9766 deg
   Elevation = 1162.0 m
   Timezone = Asia/Seoul
==================
[INFO]2023-01-19 17:16:14 | Observer information setting compleated!
==================
   Observer = Hyeonho Choi
   Observatory = BOAO
   Latitude = 36.1648 deg
   Longitude = 128.9766 deg
   Elevation = 1162.0 m
   Timezone = Asia/Seoul
==================
[INFO]2023-01-19 17:17:04 | Observer information setting compleated!
==================
   Observer = Hyeonho Choi
   Observatory = BOAO
   Latitude = 36.1648 deg
   Longitude = 128.9766 deg
   Elevation = 1162.0 m
   Timezone = Asia/Seoul
==================
[INFO]2023-01-19 17:17:21 | Observer information setting compleated!
==================
   Observer = Hyeonho Choi
   Observatory = BOAO
   Latitude = 36.1648 deg
   Longitude = 128.9766 deg
   Elevation = 1162.0 m
   Timezone = Asia/Seoul
==================
[INFO]2023-01-19 17:17:49 | Observer information setting compleated!
==================
   Observer = Hyeonho Choi
   Observatory = BOAO
   Latitude = 36.1648 deg
   Longitude = 128.9766 deg
   Elevation = 1162.0 m
   Timezone = Asia/Seoul
==================
[INFO]2023-01-19 17:19:28 | Observer information setting compleated!
==================
   Observer = Hyeonho Choi
   Observatory = BOAO
   Latitude = 36.1648 deg
   Longitude = 128.9766 deg
   Elevation = 1162.0 m
   Timezone = Asia/Seoul
==================
[INFO]2023-01-19 17:19:37 | Observer information setting compleated!
==================
   Observer = Hyeonho Choi
   Observatory = BOAO
   Latitude = 36.1648 deg
   Longitude = 128.9766 deg
   Elevation = 1162.0 m
   Timezone = Asia/Seoul
==================
[INFO]2023-01-19 17:19:47 | Observer information setting compleated!
==================
   Observer = Hyeonho Choi
   Observatory = BOAO
   Latitude = 36.1648 deg
   Longitude = 128.9766 deg
   Elevation = 1162.0 m
   Timezone = Asia/Seoul
==================
