[INFO]2023-01-09 16:05:22 | Observer information setting compleated!
==================
   Observer = Hyeonho Choi
   Observatory = BOAO
   Latitude = 36.1648 deg
   Longitude = 128.9766 deg
   Elevation = 1162.0 m
   Timezone = Asia/Seoul
==================
[INFO]2023-01-09 16:05:50 | Observer information setting compleated!
==================
   Observer = Hyeonho Choi
   Observatory = BOAO
   Latitude = 36.1648 deg
   Longitude = 128.9766 deg
   Elevation = 1162.0 m
   Timezone = Asia/Seoul
==================
[INFO]2023-01-09 16:06:23 | Observer information setting compleated!
==================
   Observer = Hyeonho Choi
   Observatory = BOAO
   Latitude = 36.1648 deg
   Longitude = 128.9766 deg
   Elevation = 1162.0 m
   Timezone = Asia/Seoul
==================
[INFO]2023-01-09 16:06:49 | Observer information setting compleated!
==================
   Observer = Hyeonho Choi
   Observatory = BOAO
   Latitude = 36.1648 deg
   Longitude = 128.9766 deg
   Elevation = 1162.0 m
   Timezone = Asia/Seoul
==================
[INFO]2023-01-09 16:07:00 | Observer information setting compleated!
==================
   Observer = Hyeonho Choi
   Observatory = BOAO
   Latitude = 36.1648 deg
   Longitude = 128.9766 deg
   Elevation = 1162.0 m
   Timezone = Asia/Seoul
==================
[INFO]2023-01-09 16:07:44 | Observer information setting compleated!
==================
   Observer = Hyeonho Choi
   Observatory = DFOSC
   Latitude = -29.2563 deg
   Longitude = 70.738 deg
   Elevation = 2400.0 m
   Timezone = America/Santiago
==================
