[INFO]2023-02-18 12:57:39 | Observer information setting compleated!
==================
   Observer = Hyeonho Choi
   Observatory = 7DT_01
   Latitude = -30.4725 deg
   Longitude = 289.2369 deg
   Elevation = 1525.0 m
   Timezone = America/Santiago
==================
[INFO]2023-02-18 12:59:30 | Observer information setting compleated!
==================
   Observer = Hyeonho Choi
   Observatory = 7DT_01
   Latitude = -30.4725 deg
   Longitude = 289.2369 deg
   Elevation = 1525.0 m
   Timezone = America/Santiago
==================
[INFO]2023-02-18 12:59:30 | Connecting to the weather station...
[INFO]2023-02-18 12:59:30 | Weather device connected
[INFO]2023-02-18 12:59:36 | ======== Checking connection ========
[CRITICAL]2023-02-18 12:59:36 | [Not registered] telescope
[CRITICAL]2023-02-18 12:59:36 | [Not registered] camera
[CRITICAL]2023-02-18 12:59:36 | [Not registered] filterwheel
[INFO]2023-02-18 12:59:36 | [Connected] weather
[CRITICAL]2023-02-18 12:59:36 | [Not registered] focuser
[INFO]2023-02-18 12:59:36 | [Connected] Observer
[CRITICAL]2023-02-18 12:59:36 | Telescope & Camera must be connected. Startup process stopped
[INFO]2023-02-18 12:59:36 | ======== Checking connection finished ========
[INFO]2023-02-18 12:59:39 | ======== Checking weather condition ========
[INFO]2023-02-18 12:59:39 | Weather condition is good
[INFO]2023-02-18 12:59:39 | ======== Checking weather finished ========
[CRITICAL]2023-02-18 12:59:39 | Startup process failed
[INFO]2023-02-18 13:00:19 | Observer information setting compleated!
==================
   Observer = Hyeonho Choi
   Observatory = 7DT_01
   Latitude = -30.4725 deg
   Longitude = 289.2369 deg
   Elevation = 1525.0 m
   Timezone = America/Santiago
==================
[INFO]2023-02-18 13:00:19 | Connecting to the weather station...
[INFO]2023-02-18 13:00:19 | Weather device connected
[INFO]2023-02-18 13:00:24 | ======== Checking connection ========
[CRITICAL]2023-02-18 13:00:25 | [Not registered] telescope
[CRITICAL]2023-02-18 13:00:25 | [Not registered] camera
[CRITICAL]2023-02-18 13:00:25 | [Not registered] filterwheel
[INFO]2023-02-18 13:00:25 | [Connected] weather
[CRITICAL]2023-02-18 13:00:25 | [Not registered] focuser
[INFO]2023-02-18 13:00:25 | [Connected] Observer
[CRITICAL]2023-02-18 13:00:25 | Telescope & Camera must be connected. Startup process stopped
[INFO]2023-02-18 13:00:25 | ======== Checking connection finished ========
[INFO]2023-02-18 13:00:28 | ======== Checking weather condition ========
[INFO]2023-02-18 13:00:28 | Weather condition is good
[INFO]2023-02-18 13:00:28 | ======== Checking weather finished ========
[CRITICAL]2023-02-18 13:00:28 | Startup process failed
[INFO]2023-02-18 13:01:08 | ======== Checking connection ========
[INFO]2023-02-18 13:02:20 | Connecting to the telescope...
[INFO]2023-02-18 13:02:20 | Telescope connected
[INFO]2023-02-18 13:03:27 | ======== Checking connection ========
[CRITICAL]2023-02-18 13:03:27 | [Not registered] telescope
[CRITICAL]2023-02-18 13:03:27 | [Not registered] camera
[CRITICAL]2023-02-18 13:03:27 | [Not registered] filterwheel
[INFO]2023-02-18 13:03:27 | [Connected] weather
[CRITICAL]2023-02-18 13:03:27 | [Not registered] focuser
[INFO]2023-02-18 13:03:27 | [Connected] Observer
[CRITICAL]2023-02-18 13:03:27 | Telescope & Camera must be connected. Startup process stopped
[INFO]2023-02-18 13:03:27 | ======== Checking connection finished ========
[INFO]2023-02-18 13:03:30 | ======== Checking weather condition ========
[INFO]2023-02-18 13:03:30 | Weather condition is good
[INFO]2023-02-18 13:03:30 | ======== Checking weather finished ========
[INFO]2023-02-18 13:04:06 | Connecting to the weather station...
[INFO]2023-02-18 13:04:06 | Weather device connected
[INFO]2023-02-18 13:12:26 | Observer information setting compleated!
==================
   Observer = Hyeonho Choi
   Observatory = 7DT_01
   Latitude = -30.4725 deg
   Longitude = 289.2369 deg
   Elevation = 1525.0 m
   Timezone = America/Santiago
==================
[INFO]2023-02-18 13:12:26 | Connecting to the telescope...
[INFO]2023-02-18 13:12:26 | Telescope connected
[INFO]2023-02-18 13:12:28 | Connecting to the Camera...
[INFO]2023-02-18 13:12:28 | Camera connected
[INFO]2023-02-18 13:12:29 | Connecting to the Filterwheel...
[INFO]2023-02-18 13:12:29 | Filterwheel connected
[INFO]2023-02-18 13:12:30 | Connecting to the weather station...
[INFO]2023-02-18 13:12:30 | Weather device connected
[INFO]2023-02-18 13:12:31 | Connecting to the Focuser...
[INFO]2023-02-18 13:12:31 | Focuser connected
[INFO]2023-02-18 13:12:36 | ======== Checking connection ========
[INFO]2023-02-18 13:12:37 | [Connected] telescope
[INFO]2023-02-18 13:12:37 | [Connected] camera
[INFO]2023-02-18 13:12:37 | [Connected] filterwheel
[INFO]2023-02-18 13:12:37 | [Connected] weather
[INFO]2023-02-18 13:12:37 | [Connected] focuser
[INFO]2023-02-18 13:12:37 | [Connected] Observer
[INFO]2023-02-18 13:12:37 | ======== Checking connection finished ========
[INFO]2023-02-18 13:12:40 | ======== Checking weather condition ========
[INFO]2023-02-18 13:12:40 | Weather condition is good
[INFO]2023-02-18 13:12:40 | ======== Checking weather finished ========
[INFO]2023-02-18 13:12:40 | Parking telescope...
[INFO]2023-02-18 13:12:41 | Telescope parked
[INFO]2023-02-18 13:12:41 | Unparking telescope...
[INFO]2023-02-18 13:12:41 | Telescope Unparked
[INFO]2023-02-18 13:12:41 | Start cooling...
[INFO]2023-02-18 13:12:41 | Current temperature : 10.0
[INFO]2023-02-18 13:12:44 | Current temperature : -1.4
[INFO]2023-02-18 13:12:47 | Current temperature : -7.5
[INFO]2023-02-18 13:12:50 | Current temperature : -11.0
[INFO]2023-02-18 13:12:53 | Current temperature : -12.8
[INFO]2023-02-18 13:12:56 | Current temperature : -13.8
[INFO]2023-02-18 13:12:59 | Cooling finished. Set temperature : -15.0
[INFO]2023-02-18 13:12:59 | ======== Startup completed ========
[INFO]2023-02-18 13:13:06 | Observer information setting compleated!
==================
   Observer = Hyeonho Choi
   Observatory = 7DT_01
   Latitude = -30.4725 deg
   Longitude = 289.2369 deg
   Elevation = 1525.0 m
   Timezone = America/Santiago
==================
[INFO]2023-02-18 13:13:06 | Connecting to the telescope...
[INFO]2023-02-18 13:13:06 | Telescope connected
[INFO]2023-02-18 13:13:07 | Connecting to the Camera...
[INFO]2023-02-18 13:13:07 | Camera connected
[INFO]2023-02-18 13:13:09 | Connecting to the Filterwheel...
[INFO]2023-02-18 13:13:09 | Filterwheel connected
[INFO]2023-02-18 13:13:10 | Connecting to the weather station...
[INFO]2023-02-18 13:13:10 | Weather device connected
[INFO]2023-02-18 13:13:11 | Connecting to the Focuser...
[INFO]2023-02-18 13:13:11 | Focuser connected
[INFO]2023-02-18 13:13:16 | ======== Checking connection ========
[INFO]2023-02-18 13:13:16 | [Connected] telescope
[INFO]2023-02-18 13:13:16 | [Connected] camera
[INFO]2023-02-18 13:13:16 | [Connected] filterwheel
[INFO]2023-02-18 13:13:16 | [Connected] weather
[INFO]2023-02-18 13:13:16 | [Connected] focuser
[INFO]2023-02-18 13:13:16 | [Connected] Observer
[INFO]2023-02-18 13:13:16 | ======== Checking connection finished ========
[INFO]2023-02-18 13:13:19 | ======== Checking weather condition ========
[INFO]2023-02-18 13:13:19 | Weather condition is good
[INFO]2023-02-18 13:13:19 | ======== Checking weather finished ========
[INFO]2023-02-18 13:13:19 | Parking telescope...
[INFO]2023-02-18 13:13:20 | Telescope parked
[INFO]2023-02-18 13:13:20 | Unparking telescope...
[INFO]2023-02-18 13:13:20 | Telescope Unparked
[INFO]2023-02-18 13:13:20 | Start cooling...
[INFO]2023-02-18 13:13:20 | Cooling finished. Set temperature : -15.0
[INFO]2023-02-18 13:13:20 | ======== Startup completed ========
[INFO]2023-02-18 13:13:28 | Observer information setting compleated!
==================
   Observer = Hyeonho Choi
   Observatory = 7DT_01
   Latitude = -30.4725 deg
   Longitude = 289.2369 deg
   Elevation = 1525.0 m
   Timezone = America/Santiago
==================
[INFO]2023-02-18 13:13:28 | Connecting to the telescope...
[INFO]2023-02-18 13:13:28 | Telescope connected
[INFO]2023-02-18 13:13:29 | Connecting to the Camera...
[INFO]2023-02-18 13:13:29 | Camera connected
[INFO]2023-02-18 13:13:31 | Connecting to the Filterwheel...
[INFO]2023-02-18 13:13:31 | Filterwheel connected
[INFO]2023-02-18 13:13:32 | Connecting to the weather station...
[INFO]2023-02-18 13:13:32 | Weather device connected
[INFO]2023-02-18 13:13:33 | Connecting to the Focuser...
[INFO]2023-02-18 13:13:33 | Focuser connected
[INFO]2023-02-18 13:13:38 | ======== Checking connection ========
[INFO]2023-02-18 13:13:38 | [Connected] telescope
[INFO]2023-02-18 13:13:38 | [Connected] camera
[INFO]2023-02-18 13:13:38 | [Connected] filterwheel
[INFO]2023-02-18 13:13:38 | [Connected] weather
[INFO]2023-02-18 13:13:38 | [Connected] focuser
[INFO]2023-02-18 13:13:38 | [Connected] Observer
[INFO]2023-02-18 13:13:38 | ======== Checking connection finished ========
[INFO]2023-02-18 13:13:41 | ======== Checking weather condition ========
[INFO]2023-02-18 13:13:41 | Weather condition is good
[INFO]2023-02-18 13:13:41 | ======== Checking weather finished ========
[INFO]2023-02-18 13:13:41 | Parking telescope...
[INFO]2023-02-18 13:13:41 | Telescope parked
[INFO]2023-02-18 13:13:41 | Unparking telescope...
[INFO]2023-02-18 13:13:41 | Telescope Unparked
[INFO]2023-02-18 13:13:41 | Start cooling...
[INFO]2023-02-18 13:13:41 | Cooling finished. Set temperature : -15.0
[INFO]2023-02-18 13:13:41 | ======== Startup completed ========
[INFO]2023-02-18 13:17:01 | Slewing to the coordinate (RA = 15.591, Dec = -50.659, Alt = 21.4, Az = 137.2)
[CRITICAL]2023-02-18 13:17:01 | Destination altitude below limit (21.4deg)
[INFO]2023-02-18 13:17:06 | Slewing to the coordinate (RA = 18.591, Dec = -50.659, Alt = -0.8, Az = 154.8)
[CRITICAL]2023-02-18 13:17:06 | Destination altitude below limit (-0.8deg)
[INFO]2023-02-18 13:17:09 | Slewing to the coordinate (RA = 12.591, Dec = -50.659, Alt = 49.4, Az = 134.0)
[INFO]2023-02-18 13:17:16 | Slewing finished. Current coordinate (RA = 12.591, Dec = -50.659, Alt = 49.6, Az = 133.9)
[INFO]2023-02-18 13:17:16 | Changing filter... (Current : w400 To : w425)
[INFO]2023-02-18 13:17:18 | Filter changed (Current : w425)
[INFO]2023-02-18 13:17:19 | [LIGHT] Start exposure (exptime = 10.0)
[INFO]2023-02-18 13:17:29 | [LIGHT] Exposure finished (exptime = 10.0)
[INFO]2023-02-18 13:17:45 | Slewing to the coordinate (RA = 12.591, Dec = -50.659, Alt = 49.5, Az = 134.0)
[INFO]2023-02-18 13:17:45 | Slewing finished. Current coordinate (RA = 12.591, Dec = -50.659, Alt = 49.7, Az = 133.9)
[INFO]2023-02-18 13:17:45 | Changing filter... (Current : w425 To : w425)
[INFO]2023-02-18 13:17:45 | Filter changed (Current : w425)
[INFO]2023-02-18 13:17:45 | [LIGHT] Start exposure (exptime = 10.0)
[INFO]2023-02-18 13:17:56 | [LIGHT] Exposure finished (exptime = 10.0)
[INFO]2023-02-18 13:35:20 | Observer information setting compleated!
==================
   Observer = Hyeonho Choi
   Observatory = 7DT_01
   Latitude = -30.4725 deg
   Longitude = 289.2369 deg
   Elevation = 1525.0 m
   Timezone = America/Santiago
==================
[INFO]2023-02-18 13:35:21 | Connecting to the telescope...
[INFO]2023-02-18 13:35:21 | Telescope connected
[INFO]2023-02-18 13:35:22 | Connecting to the Camera...
[INFO]2023-02-18 13:35:22 | Camera connected
[INFO]2023-02-18 13:35:23 | Connecting to the Filterwheel...
[INFO]2023-02-18 13:35:23 | Filterwheel connected
[INFO]2023-02-18 13:35:24 | Connecting to the weather station...
[INFO]2023-02-18 13:35:24 | Weather device connected
[INFO]2023-02-18 13:35:25 | Connecting to the Focuser...
[INFO]2023-02-18 13:35:25 | Focuser connected
[INFO]2023-02-18 13:35:30 | ======== Checking connection ========
[INFO]2023-02-18 13:35:30 | [Connected] telescope
[INFO]2023-02-18 13:35:30 | [Connected] camera
[INFO]2023-02-18 13:35:30 | [Connected] filterwheel
[INFO]2023-02-18 13:35:30 | [Connected] weather
[INFO]2023-02-18 13:35:30 | [Connected] focuser
[INFO]2023-02-18 13:35:30 | [Connected] Observer
[INFO]2023-02-18 13:35:30 | ======== Checking connection finished ========
[INFO]2023-02-18 13:35:33 | ======== Checking weather condition ========
[INFO]2023-02-18 13:35:33 | Weather condition is good
[INFO]2023-02-18 13:35:33 | ======== Checking weather finished ========
[INFO]2023-02-18 13:35:33 | Parking telescope...
[INFO]2023-02-18 13:35:39 | Telescope parked
[INFO]2023-02-18 13:35:39 | Unparking telescope...
[INFO]2023-02-18 13:35:39 | Telescope Unparked
[INFO]2023-02-18 13:35:39 | Start cooling...
[INFO]2023-02-18 13:35:39 | Cooling finished. Set temperature : -15.0
[INFO]2023-02-18 13:35:39 | ======== Startup completed ========
[INFO]2023-02-18 13:35:45 | Slewing to the coordinate (RA = 12.591, Dec = -50.659, Alt = 52.2, Az = 135.1)
[INFO]2023-02-18 13:35:51 | Slewing finished. Current coordinate (RA = 12.591, Dec = -50.659, Alt = 52.5, Az = 135.0)
[INFO]2023-02-18 13:35:51 | Changing filter... (Current : w425 To : w425)
[INFO]2023-02-18 13:35:51 | Filter changed (Current : w425)
[INFO]2023-02-18 13:35:51 | [LIGHT] Start exposure (exptime = 10.0)
[INFO]2023-02-18 13:36:02 | [LIGHT] Exposure finished (exptime = 10.0)
[INFO]2023-02-18 13:36:30 | Observer information setting compleated!
==================
   Observer = Hyeonho Choi
   Observatory = 7DT_01
   Latitude = -30.4725 deg
   Longitude = 289.2369 deg
   Elevation = 1525.0 m
   Timezone = America/Santiago
==================
[INFO]2023-02-18 13:36:30 | Connecting to the telescope...
[INFO]2023-02-18 13:36:30 | Telescope connected
[INFO]2023-02-18 13:36:31 | Connecting to the Camera...
[INFO]2023-02-18 13:36:31 | Camera connected
[INFO]2023-02-18 13:36:32 | Connecting to the Filterwheel...
[INFO]2023-02-18 13:36:32 | Filterwheel connected
[INFO]2023-02-18 13:36:33 | Connecting to the weather station...
[INFO]2023-02-18 13:36:33 | Weather device connected
[INFO]2023-02-18 13:36:34 | Connecting to the Focuser...
[INFO]2023-02-18 13:36:35 | Focuser connected
[INFO]2023-02-18 13:36:40 | ======== Checking connection ========
[INFO]2023-02-18 13:36:40 | [Connected] telescope
[INFO]2023-02-18 13:36:40 | [Connected] camera
[INFO]2023-02-18 13:36:40 | [Connected] filterwheel
[INFO]2023-02-18 13:36:40 | [Connected] weather
[INFO]2023-02-18 13:36:40 | [Connected] focuser
[INFO]2023-02-18 13:36:40 | [Connected] Observer
[INFO]2023-02-18 13:36:40 | ======== Checking connection finished ========
[INFO]2023-02-18 13:36:43 | ======== Checking weather condition ========
[INFO]2023-02-18 13:36:43 | Weather condition is good
[INFO]2023-02-18 13:36:43 | ======== Checking weather finished ========
[INFO]2023-02-18 13:36:43 | Parking telescope...
[INFO]2023-02-18 13:36:50 | Telescope parked
[INFO]2023-02-18 13:36:50 | Unparking telescope...
[INFO]2023-02-18 13:36:50 | Telescope Unparked
[INFO]2023-02-18 13:36:50 | Start cooling...
[INFO]2023-02-18 13:36:50 | Cooling finished. Set temperature : -15.0
[INFO]2023-02-18 13:36:50 | ======== Startup completed ========
[INFO]2023-02-18 13:36:51 | Slewing to the coordinate (RA = 12.591, Dec = -50.659, Alt = 52.4, Az = 135.2)
[INFO]2023-02-18 13:36:57 | Slewing finished. Current coordinate (RA = 12.591, Dec = -50.659, Alt = 52.7, Az = 135.1)
[INFO]2023-02-18 13:36:57 | Changing filter... (Current : w425 To : w425)
[INFO]2023-02-18 13:36:57 | Filter changed (Current : w425)
[INFO]2023-02-18 13:36:57 | [LIGHT] Start exposure (exptime = 10.0)
[INFO]2023-02-18 13:37:08 | [LIGHT] Exposure finished (exptime = 10.0)
[INFO]2023-02-18 15:07:28 | Observer information setting compleated!
==================
   Observer = Hyeonho Choi
   Observatory = 7DT_01
   Latitude = -30.4725 deg
   Longitude = 289.2369 deg
   Elevation = 1525.0 m
   Timezone = America/Santiago
==================
[INFO]2023-02-18 15:07:28 | Connecting to the telescope...
[INFO]2023-02-18 15:07:28 | Telescope connected
[INFO]2023-02-18 15:07:29 | Connecting to the Camera...
[INFO]2023-02-18 15:07:29 | Camera connected
[INFO]2023-02-18 15:07:30 | Connecting to the Filterwheel...
[INFO]2023-02-18 15:07:30 | Filterwheel connected
[INFO]2023-02-18 15:07:31 | Connecting to the weather station...
[INFO]2023-02-18 15:07:32 | Weather device connected
[INFO]2023-02-18 15:07:33 | Connecting to the Focuser...
[INFO]2023-02-18 15:07:33 | Focuser connected
[INFO]2023-02-18 15:07:38 | ======== Checking connection ========
[INFO]2023-02-18 15:07:38 | [Connected] telescope
[INFO]2023-02-18 15:07:38 | [Connected] camera
[INFO]2023-02-18 15:07:38 | [Connected] filterwheel
[INFO]2023-02-18 15:07:38 | [Connected] weather
[INFO]2023-02-18 15:07:38 | [Connected] focuser
[INFO]2023-02-18 15:07:38 | [Connected] Observer
[INFO]2023-02-18 15:07:38 | ======== Checking connection finished ========
[INFO]2023-02-18 15:07:41 | ======== Checking weather condition ========
[INFO]2023-02-18 15:07:41 | Weather condition is good
[INFO]2023-02-18 15:07:41 | ======== Checking weather finished ========
[INFO]2023-02-18 15:07:41 | Parking telescope...
[INFO]2023-02-18 15:07:47 | Telescope parked
[INFO]2023-02-18 15:07:47 | Unparking telescope...
[INFO]2023-02-18 15:07:47 | Telescope Unparked
[INFO]2023-02-18 15:07:47 | Start cooling...
[INFO]2023-02-18 15:07:47 | Cooling finished. Set temperature : -15.0
[INFO]2023-02-18 15:07:47 | ======== Startup completed ========
[INFO]2023-02-18 15:08:36 | Observer information setting compleated!
==================
   Observer = Hyeonho Choi
   Observatory = 7DT_01
   Latitude = -30.4725 deg
   Longitude = 289.2369 deg
   Elevation = 1525.0 m
   Timezone = America/Santiago
==================
[INFO]2023-02-18 15:08:36 | Connecting to the telescope...
[INFO]2023-02-18 15:08:36 | Telescope connected
[INFO]2023-02-18 15:08:38 | Connecting to the Camera...
[INFO]2023-02-18 15:08:38 | Camera connected
[INFO]2023-02-18 15:08:39 | Connecting to the Filterwheel...
[INFO]2023-02-18 15:08:39 | Filterwheel connected
[INFO]2023-02-18 15:08:40 | Connecting to the weather station...
[INFO]2023-02-18 15:08:40 | Weather device connected
[INFO]2023-02-18 15:08:41 | Connecting to the Focuser...
[INFO]2023-02-18 15:08:41 | Focuser connected
[INFO]2023-02-18 15:08:46 | ======== Checking connection ========
[INFO]2023-02-18 15:08:46 | [Connected] telescope
[INFO]2023-02-18 15:08:46 | [Connected] camera
[INFO]2023-02-18 15:08:46 | [Connected] filterwheel
[INFO]2023-02-18 15:08:46 | [Connected] weather
[INFO]2023-02-18 15:08:46 | [Connected] focuser
[INFO]2023-02-18 15:08:46 | [Connected] Observer
[INFO]2023-02-18 15:08:46 | ======== Checking connection finished ========
[INFO]2023-02-18 15:08:49 | ======== Checking weather condition ========
[INFO]2023-02-18 15:08:49 | Weather condition is good
[INFO]2023-02-18 15:08:49 | ======== Checking weather finished ========
[INFO]2023-02-18 15:08:49 | Parking telescope...
[INFO]2023-02-18 15:08:50 | Telescope parked
[INFO]2023-02-18 15:08:50 | Unparking telescope...
[INFO]2023-02-18 15:08:50 | Telescope Unparked
[INFO]2023-02-18 15:08:50 | Start cooling...
[INFO]2023-02-18 15:08:50 | Cooling finished. Set temperature : -15.0
[INFO]2023-02-18 15:08:50 | ======== Startup completed ========
[INFO]2023-02-18 15:10:15 | Slewing to the coordinate (RA = 12.591, Dec = -50.659, Alt = 65.1, Az = 150.1)
[INFO]2023-02-18 15:10:21 | Slewing finished. Current coordinate (RA = 12.591, Dec = -50.659, Alt = 65.3, Az = 150.3)
[INFO]2023-02-18 15:10:21 | Changing filter... (Current : w425 To : w425)
[INFO]2023-02-18 15:10:21 | Filter changed (Current : w425)
[INFO]2023-02-18 15:10:21 | [LIGHT] Start exposure (exptime = 10.0)
[INFO]2023-02-18 15:10:31 | [LIGHT] Exposure finished (exptime = 10.0)
[INFO]2023-02-18 15:27:55 | Observer information setting compleated!
==================
   Observer = Hyeonho Choi
   Observatory = 7DT_01
   Latitude = -30.4725 deg
   Longitude = 289.2369 deg
   Elevation = 1525.0 m
   Timezone = America/Santiago
==================
[INFO]2023-02-18 15:27:56 | Observer information setting compleated!
==================
   Observer = Hyeonho Choi
   Observatory = 7DT_01
   Latitude = -30.4725 deg
   Longitude = 289.2369 deg
   Elevation = 1525.0 m
   Timezone = America/Santiago
==================
[INFO]2023-02-18 15:27:56 | Connecting to the telescope...
[INFO]2023-02-18 15:27:56 | Telescope connected
[INFO]2023-02-18 15:27:57 | Connecting to the Camera...
[INFO]2023-02-18 15:27:57 | Camera connected
[INFO]2023-02-18 15:27:58 | Connecting to the Filterwheel...
[INFO]2023-02-18 15:27:58 | Filterwheel connected
[INFO]2023-02-18 15:27:59 | Connecting to the weather station...
[INFO]2023-02-18 15:27:59 | Weather device connected
[INFO]2023-02-18 15:28:00 | Connecting to the Focuser...
[INFO]2023-02-18 15:28:00 | Focuser connected
[INFO]2023-02-18 15:28:05 | ======== Checking connection ========
[INFO]2023-02-18 15:28:06 | [Connected] telescope
[INFO]2023-02-18 15:28:06 | [Connected] camera
[INFO]2023-02-18 15:28:06 | [Connected] filterwheel
[INFO]2023-02-18 15:28:06 | [Connected] weather
[INFO]2023-02-18 15:28:06 | [Connected] focuser
[INFO]2023-02-18 15:28:06 | [Connected] Observer
[INFO]2023-02-18 15:28:06 | ======== Checking connection finished ========
[INFO]2023-02-18 15:28:09 | ======== Checking weather condition ========
[INFO]2023-02-18 15:28:09 | Weather condition is good
[INFO]2023-02-18 15:28:09 | ======== Checking weather finished ========
[INFO]2023-02-18 15:28:09 | Parking telescope...
[INFO]2023-02-18 15:28:15 | Telescope parked
[INFO]2023-02-18 15:28:15 | Unparking telescope...
[INFO]2023-02-18 15:28:15 | Telescope Unparked
[INFO]2023-02-18 15:28:15 | Start cooling...
[INFO]2023-02-18 15:28:15 | Cooling finished. Set temperature : -15.0
[INFO]2023-02-18 15:28:15 | ======== Startup completed ========
[INFO]2023-02-18 15:56:29 | Observer information setting compleated!
==================
   Observer = Hyeonho Choi
   Observatory = 7DT_01
   Latitude = -30.4725 deg
   Longitude = 289.2369 deg
   Elevation = 1525.0 m
   Timezone = America/Santiago
==================
[INFO]2023-02-18 15:56:30 | Observer information setting compleated!
==================
   Observer = Hyeonho Choi
   Observatory = 7DT_01
   Latitude = -30.4725 deg
   Longitude = 289.2369 deg
   Elevation = 1525.0 m
   Timezone = America/Santiago
==================
[INFO]2023-02-18 15:56:30 | Connecting to the telescope...
[INFO]2023-02-18 15:56:30 | Telescope connected
[INFO]2023-02-18 15:56:31 | Connecting to the Camera...
[INFO]2023-02-18 15:56:31 | Camera connected
[INFO]2023-02-18 15:56:33 | Connecting to the Filterwheel...
[INFO]2023-02-18 15:56:33 | Filterwheel connected
[INFO]2023-02-18 15:56:34 | Connecting to the weather station...
[INFO]2023-02-18 15:56:34 | Weather device connected
[INFO]2023-02-18 15:56:35 | Connecting to the Focuser...
[INFO]2023-02-18 15:56:35 | Focuser connected
[INFO]2023-02-18 15:56:40 | ======== Checking connection ========
[INFO]2023-02-18 15:56:40 | [Connected] telescope
[INFO]2023-02-18 15:56:40 | [Connected] camera
[INFO]2023-02-18 15:56:40 | [Connected] filterwheel
[INFO]2023-02-18 15:56:40 | [Connected] weather
[INFO]2023-02-18 15:56:40 | [Connected] focuser
[INFO]2023-02-18 15:56:40 | [Connected] Observer
[INFO]2023-02-18 15:56:40 | ======== Checking connection finished ========
[INFO]2023-02-18 15:56:43 | ======== Checking weather condition ========
[INFO]2023-02-18 15:56:43 | Weather condition is good
[INFO]2023-02-18 15:56:43 | ======== Checking weather finished ========
[INFO]2023-02-18 15:56:43 | Parking telescope...
[INFO]2023-02-18 15:56:44 | Telescope parked
[INFO]2023-02-18 15:56:44 | Unparking telescope...
[INFO]2023-02-18 15:56:44 | Telescope Unparked
[INFO]2023-02-18 15:56:44 | Start cooling...
[INFO]2023-02-18 15:56:44 | Cooling finished. Set temperature : -15.0
[INFO]2023-02-18 15:56:44 | ======== Startup completed ========
[INFO]2023-02-18 15:56:47 | Slewing to the coordinate (RA = 12.591, Dec = -50.659, Alt = 68.9, Az = 166.3)
[INFO]2023-02-18 15:56:53 | Slewing finished. Current coordinate (RA = 12.591, Dec = -50.659, Alt = 69.1, Az = 166.8)
[INFO]2023-02-18 15:56:53 | Changing filter... (Current : w425 To : w425)
[INFO]2023-02-18 15:56:53 | Filter changed (Current : w425)
[INFO]2023-02-18 15:56:53 | [LIGHT] Start exposure (exptime = 10.0)
[INFO]2023-02-18 15:58:32 | Observer information setting compleated!
==================
   Observer = Hyeonho Choi
   Observatory = 7DT_01
   Latitude = -30.4725 deg
   Longitude = 289.2369 deg
   Elevation = 1525.0 m
   Timezone = America/Santiago
==================
[INFO]2023-02-18 15:58:32 | Connecting to the telescope...
[INFO]2023-02-18 15:58:32 | Telescope connected
[INFO]2023-02-18 15:58:33 | Connecting to the Camera...
[INFO]2023-02-18 15:58:33 | Camera connected
[INFO]2023-02-18 15:58:34 | Connecting to the Filterwheel...
[INFO]2023-02-18 15:58:34 | Filterwheel connected
[INFO]2023-02-18 15:58:35 | Connecting to the weather station...
[INFO]2023-02-18 15:58:35 | Weather device connected
[INFO]2023-02-18 15:58:36 | Connecting to the Focuser...
[INFO]2023-02-18 15:58:36 | Focuser connected
[INFO]2023-02-18 15:58:41 | ======== Checking connection ========
[INFO]2023-02-18 15:58:42 | [Connected] telescope
[INFO]2023-02-18 15:58:42 | [Connected] camera
[INFO]2023-02-18 15:58:42 | [Connected] filterwheel
[INFO]2023-02-18 15:58:42 | [Connected] weather
[INFO]2023-02-18 15:58:42 | [Connected] focuser
[INFO]2023-02-18 15:58:42 | [Connected] Observer
[INFO]2023-02-18 15:58:42 | ======== Checking connection finished ========
[INFO]2023-02-18 15:58:45 | ======== Checking weather condition ========
[INFO]2023-02-18 15:58:45 | Weather condition is good
[INFO]2023-02-18 15:58:45 | ======== Checking weather finished ========
[INFO]2023-02-18 15:58:45 | Parking telescope...
[INFO]2023-02-18 15:58:50 | Telescope parked
[INFO]2023-02-18 15:58:50 | Unparking telescope...
[INFO]2023-02-18 15:58:50 | Telescope Unparked
[INFO]2023-02-18 15:58:50 | Start cooling...
[INFO]2023-02-18 15:58:50 | Cooling finished. Set temperature : -15.0
[INFO]2023-02-18 15:58:50 | ======== Startup completed ========
[INFO]2023-02-18 16:01:02 | Slewing to the coordinate (RA = 12.591, Dec = -50.659, Alt = 69.1, Az = 168.1)
[INFO]2023-02-18 16:01:07 | Slewing finished. Current coordinate (RA = 12.591, Dec = -50.659, Alt = 69.3, Az = 168.6)
[INFO]2023-02-18 16:01:07 | Changing filter... (Current : w425 To : w425)
[INFO]2023-02-18 16:01:07 | Filter changed (Current : w425)
[INFO]2023-02-18 16:01:07 | [LIGHT] Start exposure (exptime = 10.0)
[INFO]2023-02-18 16:01:18 | [OBJECT] Exposure finished (exptime = 10.0)
[INFO]2023-02-18 16:03:01 | Observer information setting compleated!
==================
   Observer = Hyeonho Choi
   Observatory = 7DT_01
   Latitude = -30.4725 deg
   Longitude = 289.2369 deg
   Elevation = 1525.0 m
   Timezone = America/Santiago
==================
[INFO]2023-02-18 16:03:01 | Connecting to the telescope...
[INFO]2023-02-18 16:03:01 | Telescope connected
[INFO]2023-02-18 16:03:02 | Connecting to the Camera...
[INFO]2023-02-18 16:03:02 | Camera connected
[INFO]2023-02-18 16:03:03 | Connecting to the Filterwheel...
[INFO]2023-02-18 16:03:03 | Filterwheel connected
[INFO]2023-02-18 16:03:04 | Connecting to the weather station...
[INFO]2023-02-18 16:03:04 | Weather device connected
[INFO]2023-02-18 16:03:05 | Connecting to the Focuser...
[INFO]2023-02-18 16:03:05 | Focuser connected
[INFO]2023-02-18 16:03:10 | ======== Checking connection ========
[INFO]2023-02-18 16:03:10 | [Connected] telescope
[INFO]2023-02-18 16:03:10 | [Connected] camera
[INFO]2023-02-18 16:03:10 | [Connected] filterwheel
[INFO]2023-02-18 16:03:10 | [Connected] weather
[INFO]2023-02-18 16:03:10 | [Connected] focuser
[INFO]2023-02-18 16:03:10 | [Connected] Observer
[INFO]2023-02-18 16:03:10 | ======== Checking connection finished ========
[INFO]2023-02-18 16:03:13 | ======== Checking weather condition ========
[INFO]2023-02-18 16:03:14 | Weather condition is good
[INFO]2023-02-18 16:03:14 | ======== Checking weather finished ========
[INFO]2023-02-18 16:03:14 | Parking telescope...
[INFO]2023-02-18 16:03:19 | Telescope parked
[INFO]2023-02-18 16:03:19 | Unparking telescope...
[INFO]2023-02-18 16:03:19 | Telescope Unparked
[INFO]2023-02-18 16:03:19 | Start cooling...
[INFO]2023-02-18 16:03:19 | Cooling finished. Set temperature : -15.0
[INFO]2023-02-18 16:03:19 | ======== Startup completed ========
[INFO]2023-02-18 16:04:35 | Slewing to the coordinate (RA = 2.350, Dec = -40.230, Alt = -13.4, Az = 204.7)
[CRITICAL]2023-02-18 16:04:35 | Destination altitude below limit (-13.4deg)
[INFO]2023-02-18 16:04:47 | Slewing to the coordinate (RA = 12.350, Dec = -40.230, Alt = 80.0, Az = 170.6)
[INFO]2023-02-18 16:04:53 | Slewing finished. Current coordinate (RA = 12.350, Dec = -40.230, Alt = 80.1, Az = 172.0)
[INFO]2023-02-18 16:05:14 | [LIGHT] Start exposure (exptime = 5.0)
[INFO]2023-02-18 16:05:20 | [LIGHT] Exposure finished (exptime = 5.0)
[INFO]2023-02-18 16:06:38 | Observer information setting compleated!
==================
   Observer = Hyeonho Choi
   Observatory = 7DT_01
   Latitude = -30.4725 deg
   Longitude = 289.2369 deg
   Elevation = 1525.0 m
   Timezone = America/Santiago
==================
[INFO]2023-02-18 16:06:39 | Connecting to the telescope...
[INFO]2023-02-18 16:06:39 | Telescope connected
[INFO]2023-02-18 16:06:40 | Connecting to the Camera...
[INFO]2023-02-18 16:06:40 | Camera connected
[INFO]2023-02-18 16:06:41 | Connecting to the Filterwheel...
[INFO]2023-02-18 16:06:41 | Filterwheel connected
[INFO]2023-02-18 16:06:42 | Connecting to the weather station...
[INFO]2023-02-18 16:06:42 | Weather device connected
[INFO]2023-02-18 16:06:43 | Connecting to the Focuser...
[INFO]2023-02-18 16:06:43 | Focuser connected
[INFO]2023-02-18 16:06:48 | ======== Checking connection ========
[INFO]2023-02-18 16:06:48 | [Connected] telescope
[INFO]2023-02-18 16:06:48 | [Connected] camera
[INFO]2023-02-18 16:06:48 | [Connected] filterwheel
[INFO]2023-02-18 16:06:48 | [Connected] weather
[INFO]2023-02-18 16:06:48 | [Connected] focuser
[INFO]2023-02-18 16:06:48 | [Connected] Observer
[INFO]2023-02-18 16:06:48 | ======== Checking connection finished ========
[INFO]2023-02-18 16:06:51 | ======== Checking weather condition ========
[INFO]2023-02-18 16:06:51 | Weather condition is good
[INFO]2023-02-18 16:06:51 | ======== Checking weather finished ========
[INFO]2023-02-18 16:06:51 | Parking telescope...
[INFO]2023-02-18 16:06:56 | Telescope parked
[INFO]2023-02-18 16:06:56 | Unparking telescope...
[INFO]2023-02-18 16:06:56 | Telescope Unparked
[INFO]2023-02-18 16:06:56 | Start cooling...
[INFO]2023-02-18 16:06:56 | Cooling finished. Set temperature : -15.0
[INFO]2023-02-18 16:06:56 | ======== Startup completed ========
[INFO]2023-02-18 23:29:52 | Observer information setting compleated!
==================
   Observer = Hyeonho Choi
   Observatory = 7DT_01
   Latitude = -30.4725 deg
   Longitude = 289.2369 deg
   Elevation = 1525.0 m
   Timezone = America/Santiago
==================
[INFO]2023-02-18 23:29:52 | Connecting to the telescope...
[INFO]2023-02-18 23:29:52 | Telescope connected
[INFO]2023-02-18 23:29:53 | Connecting to the Camera...
[INFO]2023-02-18 23:29:53 | Camera connected
[INFO]2023-02-18 23:29:54 | Connecting to the Filterwheel...
[INFO]2023-02-18 23:29:54 | Filterwheel connected
[INFO]2023-02-18 23:29:55 | Connecting to the weather station...
[INFO]2023-02-18 23:29:55 | Weather device connected
[INFO]2023-02-18 23:29:57 | Connecting to the Focuser...
[INFO]2023-02-18 23:29:57 | Focuser connected
[INFO]2023-02-18 23:30:02 | ======== Checking connection ========
[INFO]2023-02-18 23:30:02 | [Connected] telescope
[INFO]2023-02-18 23:30:02 | [Connected] camera
[INFO]2023-02-18 23:30:02 | [Connected] filterwheel
[INFO]2023-02-18 23:30:02 | [Connected] weather
[INFO]2023-02-18 23:30:02 | [Connected] focuser
[INFO]2023-02-18 23:30:02 | [Connected] Observer
[INFO]2023-02-18 23:30:02 | ======== Checking connection finished ========
[INFO]2023-02-18 23:30:05 | ======== Checking weather condition ========
[INFO]2023-02-18 23:30:05 | Weather condition is good
[INFO]2023-02-18 23:30:05 | ======== Checking weather finished ========
[INFO]2023-02-18 23:30:05 | Parking telescope...
[INFO]2023-02-18 23:30:05 | Telescope parked
[INFO]2023-02-18 23:30:05 | Unparking telescope...
[INFO]2023-02-18 23:30:05 | Telescope Unparked
[INFO]2023-02-18 23:30:05 | Start cooling...
[INFO]2023-02-18 23:30:05 | Cooling finished. Set temperature : -15.0
[INFO]2023-02-18 23:30:05 | ======== Startup completed ========
[INFO]2023-02-18 23:30:06 | Slewing to the coordinate (RA = 12.000, Dec = -49.151, Alt = 8.6, Az = 216.8)
[CRITICAL]2023-02-18 23:30:06 | Destination altitude below limit (8.6deg)
[INFO]2023-02-18 23:30:10 | Slewing to the coordinate (RA = 17.000, Dec = -49.151, Alt = 54.8, Az = 226.4)
[INFO]2023-02-18 23:30:17 | Slewing finished. Current coordinate (RA = 17.000, Dec = -49.151, Alt = 54.6, Az = 226.6)
[INFO]2023-02-18 23:30:17 | Changing filter... (Current : w425 To : w475)
[INFO]2023-02-18 23:30:22 | Filter changed (Current : w475)
[INFO]2023-02-18 23:30:22 | [LIGHT] Start exposure (exptime = 10.0)
[INFO]2023-02-18 23:30:33 | [LIGHT] Exposure finished (exptime = 10.0)
[INFO]2023-02-18 23:31:30 | Observer information setting compleated!
==================
   Observer = Hyeonho Choi
   Observatory = 7DT_01
   Latitude = -30.4725 deg
   Longitude = 289.2369 deg
   Elevation = 1525.0 m
   Timezone = America/Santiago
==================
[INFO]2023-02-18 23:31:30 | Connecting to the telescope...
[INFO]2023-02-18 23:31:30 | Telescope connected
[INFO]2023-02-18 23:31:31 | Connecting to the Camera...
[INFO]2023-02-18 23:31:31 | Camera connected
[INFO]2023-02-18 23:31:32 | Connecting to the Filterwheel...
[INFO]2023-02-18 23:31:32 | Filterwheel connected
[INFO]2023-02-18 23:31:34 | Connecting to the weather station...
[INFO]2023-02-18 23:31:34 | Weather device connected
[INFO]2023-02-18 23:31:35 | Connecting to the Focuser...
[INFO]2023-02-18 23:31:35 | Focuser connected
[INFO]2023-02-18 23:31:40 | ======== Checking connection ========
[INFO]2023-02-18 23:31:40 | [Connected] telescope
[INFO]2023-02-18 23:31:40 | [Connected] camera
[INFO]2023-02-18 23:31:40 | [Connected] filterwheel
[INFO]2023-02-18 23:31:40 | [Connected] weather
[INFO]2023-02-18 23:31:40 | [Connected] focuser
[INFO]2023-02-18 23:31:40 | [Connected] Observer
[INFO]2023-02-18 23:31:40 | ======== Checking connection finished ========
[INFO]2023-02-18 23:31:43 | ======== Checking weather condition ========
[INFO]2023-02-18 23:31:43 | Weather condition is good
[INFO]2023-02-18 23:31:43 | ======== Checking weather finished ========
[INFO]2023-02-18 23:31:43 | Parking telescope...
[INFO]2023-02-18 23:31:49 | Telescope parked
[INFO]2023-02-18 23:31:49 | Unparking telescope...
[INFO]2023-02-18 23:31:49 | Telescope Unparked
[INFO]2023-02-18 23:31:49 | Start cooling...
[INFO]2023-02-18 23:31:49 | Cooling finished. Set temperature : -15.0
[INFO]2023-02-18 23:31:49 | ======== Startup completed ========
[INFO]2023-02-18 23:31:50 | Slewing to the coordinate (RA = 17.000, Dec = -49.151, Alt = 54.6, Az = 226.5)
[INFO]2023-02-18 23:31:57 | Slewing finished. Current coordinate (RA = 17.000, Dec = -49.151, Alt = 54.3, Az = 226.7)
[INFO]2023-02-18 23:31:57 | Changing filter... (Current : w475 To : w475)
[INFO]2023-02-18 23:31:57 | Filter changed (Current : w475)
[INFO]2023-02-18 23:31:57 | [LIGHT] Start exposure (exptime = 10.0)
[INFO]2023-02-18 23:32:07 | [LIGHT] Exposure finished (exptime = 10.0)
[INFO]2023-02-18 23:38:09 | Slewing to the coordinate (RA = 17.000, Dec = -49.000, Alt = 53.6, Az = 227.3)
[INFO]2023-02-18 23:38:10 | Slewing finished. Current coordinate (RA = 17.000, Dec = -49.000, Alt = 53.4, Az = 227.5)
[INFO]2023-02-18 23:38:10 | Changing filter... (Current : w475 To : w425)
[INFO]2023-02-18 23:38:15 | Filter changed (Current : w425)
[INFO]2023-02-18 23:38:24 | [LIGHT] Start exposure (exptime = 5.0)
[INFO]2023-02-18 23:38:30 | [LIGHT] Exposure finished (exptime = 5.0)
[INFO]2023-02-18 23:40:15 | Observer information setting compleated!
==================
   Observer = Hyeonho Choi
   Observatory = 7DT_01
   Latitude = -30.4725 deg
   Longitude = 289.2369 deg
   Elevation = 1525.0 m
   Timezone = America/Santiago
==================
[INFO]2023-02-18 23:40:15 | Connecting to the telescope...
[INFO]2023-02-18 23:40:15 | Telescope connected
[INFO]2023-02-18 23:40:16 | Connecting to the Camera...
[INFO]2023-02-18 23:40:16 | Camera connected
[INFO]2023-02-18 23:40:17 | Connecting to the Filterwheel...
[INFO]2023-02-18 23:40:17 | Filterwheel connected
[INFO]2023-02-18 23:40:18 | Connecting to the weather station...
[INFO]2023-02-18 23:40:18 | Weather device connected
[INFO]2023-02-18 23:40:19 | Connecting to the Focuser...
[INFO]2023-02-18 23:40:19 | Focuser connected
[INFO]2023-02-18 23:40:24 | ======== Checking connection ========
[INFO]2023-02-18 23:40:24 | [Connected] telescope
[INFO]2023-02-18 23:40:24 | [Connected] camera
[INFO]2023-02-18 23:40:24 | [Connected] filterwheel
[INFO]2023-02-18 23:40:24 | [Connected] weather
[INFO]2023-02-18 23:40:24 | [Connected] focuser
[INFO]2023-02-18 23:40:24 | [Connected] Observer
[INFO]2023-02-18 23:40:24 | ======== Checking connection finished ========
[INFO]2023-02-18 23:40:27 | ======== Checking weather condition ========
[INFO]2023-02-18 23:40:27 | Weather condition is good
[INFO]2023-02-18 23:40:27 | ======== Checking weather finished ========
[INFO]2023-02-18 23:40:27 | Parking telescope...
[INFO]2023-02-18 23:40:33 | Telescope parked
[INFO]2023-02-18 23:40:33 | Unparking telescope...
[INFO]2023-02-18 23:40:33 | Telescope Unparked
[INFO]2023-02-18 23:40:33 | Start cooling...
[INFO]2023-02-18 23:40:33 | Cooling finished. Set temperature : -15.0
[INFO]2023-02-18 23:40:33 | ======== Startup completed ========
[INFO]2023-02-18 23:40:34 | Slewing to the coordinate (RA = 17.000, Dec = -49.151, Alt = 53.2, Az = 227.2)
[INFO]2023-02-18 23:40:41 | Slewing finished. Current coordinate (RA = 17.000, Dec = -49.151, Alt = 52.9, Az = 227.4)
[INFO]2023-02-18 23:40:41 | Changing filter... (Current : w425 To : w475)
[INFO]2023-02-18 23:40:47 | Filter changed (Current : w475)
[INFO]2023-02-18 23:40:47 | [LIGHT] Start exposure (exptime = 10.0)
[INFO]2023-02-18 23:40:57 | [LIGHT] Exposure finished (exptime = 10.0)
[INFO]2023-02-18 23:42:29 | Observer information setting compleated!
==================
   Observer = Hyeonho Choi
   Observatory = 7DT_01
   Latitude = -30.4725 deg
   Longitude = 289.2369 deg
   Elevation = 1525.0 m
   Timezone = America/Santiago
==================
[INFO]2023-02-18 23:42:30 | Connecting to the telescope...
[INFO]2023-02-18 23:42:30 | Telescope connected
[INFO]2023-02-18 23:42:31 | Connecting to the Camera...
[INFO]2023-02-18 23:42:31 | Camera connected
[INFO]2023-02-18 23:42:32 | Connecting to the Filterwheel...
[INFO]2023-02-18 23:42:32 | Filterwheel connected
[INFO]2023-02-18 23:42:33 | Connecting to the weather station...
[INFO]2023-02-18 23:42:33 | Weather device connected
[INFO]2023-02-18 23:42:34 | Connecting to the Focuser...
[INFO]2023-02-18 23:42:34 | Focuser connected
[INFO]2023-02-18 23:42:39 | ======== Checking connection ========
[INFO]2023-02-18 23:42:39 | [Connected] telescope
[INFO]2023-02-18 23:42:39 | [Connected] camera
[INFO]2023-02-18 23:42:39 | [Connected] filterwheel
[INFO]2023-02-18 23:42:39 | [Connected] weather
[INFO]2023-02-18 23:42:39 | [Connected] focuser
[INFO]2023-02-18 23:42:39 | [Connected] Observer
[INFO]2023-02-18 23:42:39 | ======== Checking connection finished ========
[INFO]2023-02-18 23:42:42 | ======== Checking weather condition ========
[INFO]2023-02-18 23:42:42 | Weather condition is good
[INFO]2023-02-18 23:42:42 | ======== Checking weather finished ========
[INFO]2023-02-18 23:42:42 | Parking telescope...
[INFO]2023-02-18 23:42:48 | Telescope parked
[INFO]2023-02-18 23:42:48 | Unparking telescope...
[INFO]2023-02-18 23:42:48 | Telescope Unparked
[INFO]2023-02-18 23:42:48 | Start cooling...
[INFO]2023-02-18 23:42:48 | Cooling finished. Set temperature : -15.0
[INFO]2023-02-18 23:42:48 | ======== Startup completed ========
[INFO]2023-02-18 23:42:49 | Slewing to the coordinate (RA = 17.000, Dec = -49.151, Alt = 52.8, Az = 227.4)
[INFO]2023-02-18 23:42:56 | Slewing finished. Current coordinate (RA = 17.000, Dec = -49.151, Alt = 52.6, Az = 227.5)
[INFO]2023-02-18 23:42:56 | Changing filter... (Current : w475 To : w475)
[INFO]2023-02-18 23:42:56 | Filter changed (Current : w475)
[INFO]2023-02-18 23:42:56 | [LIGHT] Start exposure (exptime = 10.0)
[INFO]2023-02-18 23:43:07 | [LIGHT] Exposure finished (exptime = 10.0)
[INFO]2023-02-18 23:48:25 | Observer information setting compleated!
==================
   Observer = Hyeonho Choi
   Observatory = 7DT_01
   Latitude = -30.4725 deg
   Longitude = 289.2369 deg
   Elevation = 1525.0 m
   Timezone = America/Santiago
==================
[INFO]2023-02-18 23:48:26 | Connecting to the telescope...
[INFO]2023-02-18 23:48:26 | Telescope connected
[INFO]2023-02-18 23:48:27 | Connecting to the Camera...
[INFO]2023-02-18 23:48:27 | Camera connected
[INFO]2023-02-18 23:48:28 | Connecting to the Filterwheel...
[INFO]2023-02-18 23:48:28 | Filterwheel connected
[INFO]2023-02-18 23:48:29 | Connecting to the weather station...
[INFO]2023-02-18 23:48:29 | Weather device connected
[INFO]2023-02-18 23:48:30 | Connecting to the Focuser...
[INFO]2023-02-18 23:48:30 | Focuser connected
[INFO]2023-02-18 23:48:35 | ======== Checking connection ========
[INFO]2023-02-18 23:48:35 | [Connected] telescope
[INFO]2023-02-18 23:48:35 | [Connected] camera
[INFO]2023-02-18 23:48:35 | [Connected] filterwheel
[INFO]2023-02-18 23:48:35 | [Connected] weather
[INFO]2023-02-18 23:48:35 | [Connected] focuser
[INFO]2023-02-18 23:48:35 | [Connected] Observer
[INFO]2023-02-18 23:48:35 | ======== Checking connection finished ========
[INFO]2023-02-18 23:48:38 | ======== Checking weather condition ========
[INFO]2023-02-18 23:48:38 | Weather condition is good
[INFO]2023-02-18 23:48:38 | ======== Checking weather finished ========
[INFO]2023-02-18 23:48:38 | Parking telescope...
[INFO]2023-02-18 23:48:45 | Telescope parked
[INFO]2023-02-18 23:48:45 | Unparking telescope...
[INFO]2023-02-18 23:48:45 | Telescope Unparked
[INFO]2023-02-18 23:48:45 | Start cooling...
[INFO]2023-02-18 23:48:45 | Cooling finished. Set temperature : -15.0
[INFO]2023-02-18 23:48:45 | ======== Startup completed ========
[INFO]2023-02-18 23:48:45 | Slewing to the coordinate (RA = 17.000, Dec = -49.151, Alt = 51.9, Az = 227.7)
[INFO]2023-02-18 23:48:52 | Slewing finished. Current coordinate (RA = 17.000, Dec = -49.151, Alt = 51.6, Az = 227.9)
[INFO]2023-02-18 23:48:52 | Changing filter... (Current : w475 To : w475)
[INFO]2023-02-18 23:48:52 | Filter changed (Current : w475)
[INFO]2023-02-18 23:48:52 | [LIGHT] Start exposure (exptime = 10.0)
[INFO]2023-02-18 23:49:03 | [LIGHT] Exposure finished (exptime = 10.0)
[INFO]2023-02-18 23:51:23 | Observer information setting compleated!
==================
   Observer = Hyeonho Choi
   Observatory = 7DT_01
   Latitude = -30.4725 deg
   Longitude = 289.2369 deg
   Elevation = 1525.0 m
   Timezone = America/Santiago
==================
[INFO]2023-02-18 23:51:23 | Connecting to the telescope...
[INFO]2023-02-18 23:51:23 | Telescope connected
[INFO]2023-02-18 23:51:24 | Connecting to the Camera...
[INFO]2023-02-18 23:51:24 | Camera connected
[INFO]2023-02-18 23:51:25 | Connecting to the Filterwheel...
[INFO]2023-02-18 23:51:25 | Filterwheel connected
[INFO]2023-02-18 23:51:26 | Connecting to the weather station...
[INFO]2023-02-18 23:51:26 | Weather device connected
[INFO]2023-02-18 23:51:27 | Connecting to the Focuser...
[INFO]2023-02-18 23:51:27 | Focuser connected
[INFO]2023-02-18 23:51:32 | ======== Checking connection ========
[INFO]2023-02-18 23:51:33 | [Connected] telescope
[INFO]2023-02-18 23:51:33 | [Connected] camera
[INFO]2023-02-18 23:51:33 | [Connected] filterwheel
[INFO]2023-02-18 23:51:33 | [Connected] weather
[INFO]2023-02-18 23:51:33 | [Connected] focuser
[INFO]2023-02-18 23:51:33 | [Connected] Observer
[INFO]2023-02-18 23:51:33 | ======== Checking connection finished ========
[INFO]2023-02-18 23:51:36 | ======== Checking weather condition ========
[INFO]2023-02-18 23:51:36 | Weather condition is good
[INFO]2023-02-18 23:51:36 | ======== Checking weather finished ========
[INFO]2023-02-18 23:51:36 | Parking telescope...
[INFO]2023-02-18 23:51:43 | Telescope parked
[INFO]2023-02-18 23:51:43 | Unparking telescope...
[INFO]2023-02-18 23:51:43 | Telescope Unparked
[INFO]2023-02-18 23:51:43 | Start cooling...
[INFO]2023-02-18 23:51:43 | Cooling finished. Set temperature : -15.0
[INFO]2023-02-18 23:51:43 | ======== Startup completed ========
[INFO]2023-02-18 23:51:50 | Slewing to the coordinate (RA = 17.000, Dec = -49.151, Alt = 51.4, Az = 227.9)
[INFO]2023-02-18 23:51:57 | Slewing finished. Current coordinate (RA = 17.000, Dec = -49.151, Alt = 51.1, Az = 228.0)
[INFO]2023-02-18 23:51:57 | Changing filter... (Current : w475 To : w475)
[INFO]2023-02-18 23:51:57 | Filter changed (Current : w475)
[INFO]2023-02-18 23:51:57 | [LIGHT] Start exposure (exptime = 10.0)
[INFO]2023-02-18 23:52:07 | [LIGHT] Exposure finished (exptime = 10.0)
[INFO]2023-02-18 23:54:21 | Observer information setting compleated!
==================
   Observer = Hyeonho Choi
   Observatory = 7DT_01
   Latitude = -30.4725 deg
   Longitude = 289.2369 deg
   Elevation = 1525.0 m
   Timezone = America/Santiago
==================
[INFO]2023-02-18 23:54:41 | Observer information setting compleated!
==================
   Observer = Hyeonho Choi
   Observatory = 7DT_01
   Latitude = -30.4725 deg
   Longitude = 289.2369 deg
   Elevation = 1525.0 m
   Timezone = America/Santiago
==================
