[INFO]2023-01-12 18:05:17 | Observer information setting compleated!
==================
   Observer = Hyeonho Choi
   Observatory = BOAO
   Latitude = 36.1648 deg
   Longitude = 128.9766 deg
   Elevation = 1162.0 m
   Timezone = Asia/Seoul
==================
[INFO]2023-01-12 18:12:49 | Observer information setting compleated!
==================
   Observer = Hyeonho Choi
   Observatory = BOAO
   Latitude = 36.1648 deg
   Longitude = 128.9766 deg
   Elevation = 1162.0 m
   Timezone = Asia/Seoul
==================
[INFO]2023-01-12 18:20:15 | Observer information setting compleated!
==================
   Observer = Hyeonho Choi
   Observatory = BOAO
   Latitude = 36.1648 deg
   Longitude = 128.9766 deg
   Elevation = 1162.0 m
   Timezone = Asia/Seoul
==================
[INFO]2023-01-12 18:23:09 | Observer information setting compleated!
==================
   Observer = Hyeonho Choi
   Observatory = BOAO
   Latitude = 36.1648 deg
   Longitude = 128.9766 deg
   Elevation = 1162.0 m
   Timezone = Asia/Seoul
==================
[INFO]2023-01-12 18:25:28 | Observer information setting compleated!
==================
   Observer = Hyeonho Choi
   Observatory = BOAO
   Latitude = 36.1648 deg
   Longitude = 128.9766 deg
   Elevation = 1162.0 m
   Timezone = Asia/Seoul
==================
