[INFO]2023-01-14 02:40:05 | Observer information setting compleated!
==================
   Observer = Hyeonho Choi
   Observatory = 7DT_01
   Latitude = -30.4725 deg
   Longitude = 289.2369 deg
   Elevation = 1525.0 m
   Timezone = America/Santiago
==================
[INFO]2023-01-14 02:40:57 | Observer information setting compleated!
==================
   Observer = Hyeonho Choi
   Observatory = 7DT_01
   Latitude = -30.4725 deg
   Longitude = 289.2369 deg
   Elevation = 1525.0 m
   Timezone = America/Santiago
==================
[INFO]2023-01-14 02:40:57 | Connecting to the telescope...
[INFO]2023-01-14 02:40:57 | Telescope connected
[INFO]2023-01-14 02:40:58 | Connecting to the Camera...
[INFO]2023-01-14 02:40:58 | Camera connected
[INFO]2023-01-14 02:40:58 | Connecting to the Focuser...
[INFO]2023-01-14 02:40:58 | Focuser connected
[INFO]2023-01-14 02:40:58 | Connecting to the Filterwheel...
[INFO]2023-01-14 02:40:58 | Filterwheel connected
[INFO]2023-01-14 02:41:01 | Start checking status
[INFO]2023-01-14 02:41:01 | [Connected] Telescope
[INFO]2023-01-14 02:41:01 | [Connected] Camera
[INFO]2023-01-14 02:41:01 | [Connected] Focuser
[INFO]2023-01-14 02:41:01 | [Connected] FilterWheel
[INFO]2023-01-14 02:41:01 | [Connected] Observer (Localtime : 2023-01-13 14:41:01.207736-03:00)
[INFO]2023-01-14 02:41:01 | Checking connection finished
