[INFO]2023-02-14 11:13:23 | Observer information setting compleated!
==================
   Observer = Hyeonho Choi
   Observatory = 7DT_01
   Latitude = -30.4725 deg
   Longitude = 289.2369 deg
   Elevation = 1525.0 m
   Timezone = America/Santiago
==================
[INFO]2023-02-14 16:58:35 | Observer information setting compleated!
==================
   Observer = Hyeonho Choi
   Observatory = 7DT_01
   Latitude = -30.4725 deg
   Longitude = 289.2369 deg
   Elevation = 1525.0 m
   Timezone = America/Santiago
==================
[INFO]2023-02-14 17:14:26 | Observer information setting compleated!
==================
   Observer = Hyeonho Choi
   Observatory = 7DT_01
   Latitude = -30.4725 deg
   Longitude = 289.2369 deg
   Elevation = 1525.0 m
   Timezone = America/Santiago
==================
[INFO]2023-02-15 16:04:33 | Observer information setting compleated!
==================
   Observer = Hyeonho Choi
   Observatory = 7DT_01
   Latitude = -30.4725 deg
   Longitude = 289.2369 deg
   Elevation = 1525.0 m
   Timezone = America/Santiago
==================
[INFO]2023-02-15 16:05:06 | Observer information setting compleated!
==================
   Observer = Hyeonho Choi
   Observatory = 7DT_01
   Latitude = -30.4725 deg
   Longitude = 289.2369 deg
   Elevation = 1525.0 m
   Timezone = America/Santiago
==================
[INFO]2023-02-15 16:05:22 | Observer information setting compleated!
==================
   Observer = Hyeonho Choi
   Observatory = 7DT_01
   Latitude = -30.4725 deg
   Longitude = 289.2369 deg
   Elevation = 1525.0 m
   Timezone = America/Santiago
==================
[INFO]2023-02-15 16:06:34 | Observer information setting compleated!
==================
   Observer = Hyeonho Choi
   Observatory = 7DT_01
   Latitude = -30.4725 deg
   Longitude = 289.2369 deg
   Elevation = 1525.0 m
   Timezone = America/Santiago
==================
