[INFO]2023-01-06 11:13:28 | Connecting to the weather device...
[INFO]2023-01-06 11:13:28 | Weather device connected
[INFO]2023-01-06 13:42:08 | Observer information setting compleated!
==================
   Observer = Hyeonho Choi
   Observatory = BOAO
   Latitude = 36.1648 deg
   Longitude = 128.9766 deg
   Elevation = 1162.0 m
   Timezone = Asia/Seoul
==================
[INFO]2023-01-06 13:42:45 | Observer information setting compleated!
==================
   Observer = Hyeonho Choi
   Observatory = BOAO
   Latitude = 36.1648 deg
   Longitude = 128.9766 deg
   Elevation = 1162.0 m
   Timezone = Asia/Seoul
==================
[INFO]2023-01-06 13:43:22 | Observer information setting compleated!
==================
   Observer = Hyeonho Choi
   Observatory = BOAO
   Latitude = 36.1648 deg
   Longitude = 128.9766 deg
   Elevation = 1162.0 m
   Timezone = Asia/Seoul
==================
[INFO]2023-01-06 13:51:52 | Observer information setting compleated!
==================
   Observer = Hyeonho Choi
   Observatory = DFOSC
   Latitude = -29.2563 deg
   Longitude = 70.738 deg
   Elevation = 2400.0 m
   Timezone = America/Santiago
==================
[INFO]2023-01-06 13:52:05 | Observer information setting compleated!
==================
   Observer = Hyeonho Choi
   Observatory = DFOSC
   Latitude = -29.2563 deg
   Longitude = 70.738 deg
   Elevation = 2400.0 m
   Timezone = America/Santiago
==================
[INFO]2023-01-06 13:52:21 | Observer information setting compleated!
==================
   Observer = Hyeonho Choi
   Observatory = DFOSC
   Latitude = -29.2563 deg
   Longitude = 70.738 deg
   Elevation = 2400.0 m
   Timezone = America/Santiago
==================
[INFO]2023-01-06 13:53:38 | Observer information setting compleated!
==================
   Observer = Hyeonho Choi
   Observatory = DFOSC
   Latitude = -29.2563 deg
   Longitude = 70.738 deg
   Elevation = 2400.0 m
   Timezone = America/Santiago
==================
[INFO]2023-01-06 14:01:23 | Observer information setting compleated!
==================
   Observer = Hyeonho Choi
   Observatory = DFOSC
   Latitude = -29.2563 deg
   Longitude = 70.738 deg
   Elevation = 2400.0 m
   Timezone = America/Santiago
==================
[INFO]2023-01-06 14:01:51 | Observer information setting compleated!
==================
   Observer = Hyeonho Choi
   Observatory = DFOSC
   Latitude = -29.2563 deg
   Longitude = 70.738 deg
   Elevation = 2400.0 m
   Timezone = America/Santiago
==================
[INFO]2023-01-06 14:03:31 | Observer information setting compleated!
==================
   Observer = Hyeonho Choi
   Observatory = DFOSC
   Latitude = -29.2563 deg
   Longitude = 70.738 deg
   Elevation = 2400.0 m
   Timezone = America/Santiago
==================
[INFO]2023-01-06 14:03:49 | Observer information setting compleated!
==================
   Observer = Hyeonho Choi
   Observatory = DFOSC
   Latitude = -29.2563 deg
   Longitude = 70.738 deg
   Elevation = 2400.0 m
   Timezone = America/Santiago
==================
[INFO]2023-01-06 14:03:53 | Observer information setting compleated!
==================
   Observer = Hyeonho Choi
   Observatory = DFOSC
   Latitude = -29.2563 deg
   Longitude = 70.738 deg
   Elevation = 2400.0 m
   Timezone = America/Santiago
==================
[INFO]2023-01-06 14:04:00 | Observer information setting compleated!
==================
   Observer = Hyeonho Choi
   Observatory = DFOSC
   Latitude = -29.2563 deg
   Longitude = 70.738 deg
   Elevation = 2400.0 m
   Timezone = America/Santiago
==================
[INFO]2023-01-06 14:04:34 | Observer information setting compleated!
==================
   Observer = Hyeonho Choi
   Observatory = DFOSC
   Latitude = -29.2563 deg
   Longitude = 70.738 deg
   Elevation = 2400.0 m
   Timezone = America/Santiago
==================
[INFO]2023-01-06 14:04:59 | Observer information setting compleated!
==================
   Observer = Hyeonho Choi
   Observatory = DFOSC
   Latitude = -29.2563 deg
   Longitude = 70.738 deg
   Elevation = 2400.0 m
   Timezone = America/Santiago
==================
[INFO]2023-01-06 14:05:07 | Observer information setting compleated!
==================
   Observer = Hyeonho Choi
   Observatory = DFOSC
   Latitude = -29.2563 deg
   Longitude = 70.738 deg
   Elevation = 2400.0 m
   Timezone = America/Santiago
==================
[INFO]2023-01-06 14:06:07 | Observer information setting compleated!
==================
   Observer = Hyeonho Choi
   Observatory = DFOSC
   Latitude = -29.2563 deg
   Longitude = 70.738 deg
   Elevation = 2400.0 m
   Timezone = America/Santiago
==================
[INFO]2023-01-06 14:06:27 | Observer information setting compleated!
==================
   Observer = Hyeonho Choi
   Observatory = DFOSC
   Latitude = -29.2563 deg
   Longitude = 70.738 deg
   Elevation = 2400.0 m
   Timezone = America/Santiago
==================
[INFO]2023-01-06 14:06:37 | Observer information setting compleated!
==================
   Observer = Hyeonho Choi
   Observatory = DFOSC
   Latitude = -29.2563 deg
   Longitude = 70.738 deg
   Elevation = 2400.0 m
   Timezone = America/Santiago
==================
[INFO]2023-01-06 14:06:41 | Observer information setting compleated!
==================
   Observer = Hyeonho Choi
   Observatory = DFOSC
   Latitude = -29.2563 deg
   Longitude = 70.738 deg
   Elevation = 2400.0 m
   Timezone = America/Santiago
==================
[INFO]2023-01-06 14:06:54 | Observer information setting compleated!
==================
   Observer = Hyeonho Choi
   Observatory = DFOSC
   Latitude = -29.2563 deg
   Longitude = 70.738 deg
   Elevation = 2400.0 m
   Timezone = America/Santiago
==================
[INFO]2023-01-06 14:07:31 | Observer information setting compleated!
==================
   Observer = Hyeonho Choi
   Observatory = DFOSC
   Latitude = -29.2563 deg
   Longitude = 70.738 deg
   Elevation = 2400.0 m
   Timezone = America/Santiago
==================
[INFO]2023-01-06 14:08:22 | Observer information setting compleated!
==================
   Observer = Hyeonho Choi
   Observatory = DFOSC
   Latitude = -29.2563 deg
   Longitude = 70.738 deg
   Elevation = 2400.0 m
   Timezone = America/Santiago
==================
[INFO]2023-01-06 14:08:56 | Observer information setting compleated!
==================
   Observer = Hyeonho Choi
   Observatory = DFOSC
   Latitude = -29.2563 deg
   Longitude = 70.738 deg
   Elevation = 2400.0 m
   Timezone = America/Santiago
==================
[INFO]2023-01-06 14:09:03 | Observer information setting compleated!
==================
   Observer = Hyeonho Choi
   Observatory = DFOSC
   Latitude = -29.2563 deg
   Longitude = 70.738 deg
   Elevation = 2400.0 m
   Timezone = America/Santiago
==================
[INFO]2023-01-06 14:09:27 | Observer information setting compleated!
==================
   Observer = Hyeonho Choi
   Observatory = DFOSC
   Latitude = -29.2563 deg
   Longitude = 70.738 deg
   Elevation = 2400.0 m
   Timezone = America/Santiago
==================
[INFO]2023-01-06 14:09:31 | Observer information setting compleated!
==================
   Observer = Hyeonho Choi
   Observatory = DFOSC
   Latitude = -29.2563 deg
   Longitude = 70.738 deg
   Elevation = 2400.0 m
   Timezone = America/Santiago
==================
[INFO]2023-01-06 14:10:09 | Observer information setting compleated!
==================
   Observer = Hyeonho Choi
   Observatory = DFOSC
   Latitude = -29.2563 deg
   Longitude = 70.738 deg
   Elevation = 2400.0 m
   Timezone = America/Santiago
==================
[INFO]2023-01-06 14:10:13 | Observer information setting compleated!
==================
   Observer = Hyeonho Choi
   Observatory = DFOSC
   Latitude = -29.2563 deg
   Longitude = 70.738 deg
   Elevation = 2400.0 m
   Timezone = America/Santiago
==================
[INFO]2023-01-06 14:10:40 | Observer information setting compleated!
==================
   Observer = Hyeonho Choi
   Observatory = DFOSC
   Latitude = -29.2563 deg
   Longitude = 70.738 deg
   Elevation = 2400.0 m
   Timezone = America/Santiago
==================
[INFO]2023-01-06 14:10:44 | Observer information setting compleated!
==================
   Observer = Hyeonho Choi
   Observatory = DFOSC
   Latitude = -29.2563 deg
   Longitude = 70.738 deg
   Elevation = 2400.0 m
   Timezone = America/Santiago
==================
[INFO]2023-01-06 14:10:46 | Observer information setting compleated!
==================
   Observer = Hyeonho Choi
   Observatory = DFOSC
   Latitude = -29.2563 deg
   Longitude = 70.738 deg
   Elevation = 2400.0 m
   Timezone = America/Santiago
==================
[INFO]2023-01-06 14:10:48 | Observer information setting compleated!
==================
   Observer = Hyeonho Choi
   Observatory = DFOSC
   Latitude = -29.2563 deg
   Longitude = 70.738 deg
   Elevation = 2400.0 m
   Timezone = America/Santiago
==================
[INFO]2023-01-06 14:11:52 | Observer information setting compleated!
==================
   Observer = Hyeonho Choi
   Observatory = DFOSC
   Latitude = -29.2563 deg
   Longitude = 70.738 deg
   Elevation = 2400.0 m
   Timezone = America/Santiago
==================
[INFO]2023-01-06 14:11:56 | Observer information setting compleated!
==================
   Observer = Hyeonho Choi
   Observatory = DFOSC
   Latitude = -29.2563 deg
   Longitude = 70.738 deg
   Elevation = 2400.0 m
   Timezone = America/Santiago
==================
[INFO]2023-01-06 14:12:22 | Observer information setting compleated!
==================
   Observer = Hyeonho Choi
   Observatory = DFOSC
   Latitude = -29.2563 deg
   Longitude = 70.738 deg
   Elevation = 2400.0 m
   Timezone = America/Santiago
==================
[INFO]2023-01-06 14:12:26 | Observer information setting compleated!
==================
   Observer = Hyeonho Choi
   Observatory = DFOSC
   Latitude = -29.2563 deg
   Longitude = 70.738 deg
   Elevation = 2400.0 m
   Timezone = America/Santiago
==================
[INFO]2023-01-06 14:13:10 | Observer information setting compleated!
==================
   Observer = Hyeonho Choi
   Observatory = DFOSC
   Latitude = -29.2563 deg
   Longitude = 70.738 deg
   Elevation = 2400.0 m
   Timezone = America/Santiago
==================
[INFO]2023-01-06 14:13:17 | Observer information setting compleated!
==================
   Observer = Hyeonho Choi
   Observatory = DFOSC
   Latitude = -29.2563 deg
   Longitude = 70.738 deg
   Elevation = 2400.0 m
   Timezone = America/Santiago
==================
[INFO]2023-01-06 14:13:55 | Observer information setting compleated!
==================
   Observer = Hyeonho Choi
   Observatory = DFOSC
   Latitude = -29.2563 deg
   Longitude = 70.738 deg
   Elevation = 2400.0 m
   Timezone = America/Santiago
==================
[INFO]2023-01-06 14:14:01 | Observer information setting compleated!
==================
   Observer = Hyeonho Choi
   Observatory = DFOSC
   Latitude = -29.2563 deg
   Longitude = 70.738 deg
   Elevation = 2400.0 m
   Timezone = America/Santiago
==================
[INFO]2023-01-06 14:14:07 | Observer information setting compleated!
==================
   Observer = Hyeonho Choi
   Observatory = DFOSC
   Latitude = -29.2563 deg
   Longitude = 70.738 deg
   Elevation = 2400.0 m
   Timezone = America/Santiago
==================
[INFO]2023-01-06 14:14:25 | Observer information setting compleated!
==================
   Observer = Hyeonho Choi
   Observatory = DFOSC
   Latitude = -29.2563 deg
   Longitude = 70.738 deg
   Elevation = 2400.0 m
   Timezone = America/Santiago
==================
[INFO]2023-01-06 14:47:10 | Observer information setting compleated!
==================
   Observer = Hyeonho Choi
   Observatory = DFOSC
   Latitude = -29.2563 deg
   Longitude = 70.738 deg
   Elevation = 2400.0 m
   Timezone = America/Santiago
==================
[INFO]2023-01-06 14:47:16 | Observer information setting compleated!
==================
   Observer = Hyeonho Choi
   Observatory = DFOSC
   Latitude = -29.2563 deg
   Longitude = 70.738 deg
   Elevation = 2400.0 m
   Timezone = America/Santiago
==================
[INFO]2023-01-06 14:51:36 | Observer information setting compleated!
==================
   Observer = Hyeonho Choi
   Observatory = DFOSC
   Latitude = -29.2563 deg
   Longitude = 70.738 deg
   Elevation = 2400.0 m
   Timezone = America/Santiago
==================
[INFO]2023-01-06 14:52:12 | Observer information setting compleated!
==================
   Observer = Hyeonho Choi
   Observatory = DFOSC
   Latitude = -29.2563 deg
   Longitude = 70.738 deg
   Elevation = 2400.0 m
   Timezone = America/Santiago
==================
[INFO]2023-01-06 14:55:02 | Observer information setting compleated!
==================
   Observer = Hyeonho Choi
   Observatory = DFOSC
   Latitude = -29.2563 deg
   Longitude = 70.738 deg
   Elevation = 2400.0 m
   Timezone = America/Santiago
==================
[INFO]2023-01-06 14:55:11 | Observer information setting compleated!
==================
   Observer = Hyeonho Choi
   Observatory = DFOSC
   Latitude = -29.2563 deg
   Longitude = 70.738 deg
   Elevation = 2400.0 m
   Timezone = America/Santiago
==================
[INFO]2023-01-06 14:55:36 | Observer information setting compleated!
==================
   Observer = Hyeonho Choi
   Observatory = DFOSC
   Latitude = -29.2563 deg
   Longitude = 70.738 deg
   Elevation = 2400.0 m
   Timezone = America/Santiago
==================
[INFO]2023-01-06 14:57:33 | Observer information setting compleated!
==================
   Observer = Hyeonho Choi
   Observatory = DFOSC
   Latitude = -29.2563 deg
   Longitude = 70.738 deg
   Elevation = 2400.0 m
   Timezone = America/Santiago
==================
[INFO]2023-01-06 16:28:07 | Observer information setting compleated!
==================
   Observer = Hyeonho Choi
   Observatory = DFOSC
   Latitude = -29.2563 deg
   Longitude = 70.738 deg
   Elevation = 2400.0 m
   Timezone = America/Santiago
==================
[INFO]2023-01-06 16:28:17 | Observer information setting compleated!
==================
   Observer = Hyeonho Choi
   Observatory = DFOSC
   Latitude = -29.2563 deg
   Longitude = 70.738 deg
   Elevation = 2400.0 m
   Timezone = America/Santiago
==================
[INFO]2023-01-06 16:30:39 | Observer information setting compleated!
==================
   Observer = Hyeonho Choi
   Observatory = DFOSC
   Latitude = -29.2563 deg
   Longitude = 70.738 deg
   Elevation = 2400.0 m
   Timezone = America/Santiago
==================
[INFO]2023-01-06 16:31:33 | Observer information setting compleated!
==================
   Observer = Hyeonho Choi
   Observatory = DFOSC
   Latitude = -29.2563 deg
   Longitude = 70.738 deg
   Elevation = 2400.0 m
   Timezone = America/Santiago
==================
