[INFO]2023-11-08 16:10:03 | Slewing to the coordinate (Alt = 0.0, Az = 270.0)
[INFO]2023-11-08 16:10:06 | Slewing finished. Current coordinate (Alt = -0.0, Az = 270.0)
[INFO]2023-11-08 16:11:58 | Slewing to the coordinate (Alt = 0.0, Az = 250.0)
[INFO]2023-11-08 16:12:05 | Slewing finished. Current coordinate (Alt = -0.0, Az = 250.0)
[INFO]2023-11-08 20:22:32 | Slewing to the coordinate (Alt = 4.0, Az = 270.0)
[INFO]2023-11-08 20:22:39 | Slewing finished. Current coordinate (Alt = 4.0, Az = 270.0)
[INFO]2023-11-08 21:14:57 | Changing filter... (Current : g To : g)
[INFO]2023-11-08 21:14:58 | Filter changed (Current : g)
[INFO]2023-11-08 21:15:10 | [LIGHT] Exposure finished (exptime = 10.0)
[INFO]2023-11-08 21:17:20 | Changing filter... (Current : g To : g)
[INFO]2023-11-08 21:17:21 | Filter changed (Current : g)
[INFO]2023-11-08 21:17:33 | [LIGHT] Exposure finished (exptime = 10.0)
[INFO]2023-11-08 21:17:45 | Changing filter... (Current : g To : g)
[INFO]2023-11-08 21:17:46 | Filter changed (Current : g)
[INFO]2023-11-08 21:17:58 | [LIGHT] Exposure finished (exptime = 10.0)
[INFO]2023-11-08 21:19:16 | Changing filter... (Current : g To : g)
[INFO]2023-11-08 21:19:17 | Filter changed (Current : g)
[INFO]2023-11-08 21:19:22 | [LIGHT] Exposure finished (exptime = 3.0)
[INFO]2023-11-08 21:20:15 | Changing filter... (Current : g To : g)
[INFO]2023-11-08 21:20:16 | Filter changed (Current : g)
[INFO]2023-11-08 21:20:20 | [LIGHT] Exposure finished (exptime = 3.0)
[INFO]2023-11-08 21:20:43 | Changing filter... (Current : g To : g)
[INFO]2023-11-08 21:20:44 | Filter changed (Current : g)
[INFO]2023-11-08 21:20:49 | [LIGHT] Exposure finished (exptime = 3.0)
[INFO]2023-11-08 21:21:42 | Changing filter... (Current : g To : g)
[INFO]2023-11-08 21:21:42 | Filter changed (Current : g)
[INFO]2023-11-08 21:21:47 | [LIGHT] Exposure finished (exptime = 3.0)
[INFO]2023-11-08 21:23:09 | Changing filter... (Current : g To : g)
[INFO]2023-11-08 21:23:10 | Filter changed (Current : g)
[INFO]2023-11-08 21:23:15 | [LIGHT] Exposure finished (exptime = 3.0)
[INFO]2023-11-08 21:23:40 | Changing filter... (Current : g To : g)
[INFO]2023-11-08 21:23:41 | Filter changed (Current : g)
[INFO]2023-11-08 21:23:46 | [LIGHT] Exposure finished (exptime = 3.0)
[INFO]2023-11-08 21:27:04 | Changing filter... (Current : g To : g)
[INFO]2023-11-08 21:27:04 | Filter changed (Current : g)
[INFO]2023-11-08 21:27:04 | [LIGHT] Start exposure... (exptime = 3.0)
[INFO]2023-11-08 21:27:09 | [LIGHT] Exposure finished (exptime = 3.0)
[INFO]2023-11-08 21:28:08 | Changing filter... (Current : g To : g)
[INFO]2023-11-08 21:28:09 | Filter changed (Current : g)
[INFO]2023-11-08 21:28:09 | [LIGHT] Start exposure... (exptime = 3.0)
[INFO]2023-11-08 21:28:14 | [LIGHT] Exposure finished (exptime = 3.0)
