[INFO]2023-10-27 13:39:09 | Slewing to the coordinate (RA = 30.244, Dec = 50.232, Alt = 0.1, Az = 14.1)
[INFO]2023-10-27 13:39:13 | Slewing finished. Current coordinate (RA = 141.434, Dec = 0.000, Alt = -0.0, Az = 270.0)
[INFO]2023-10-27 13:39:14 | Slewing to the coordinate (Alt = 32.9, Az = 48.8)
[INFO]2023-10-27 13:39:43 | Slewing finished. Current coordinate (Alt = 32.9, Az = 48.8)
[INFO]2023-10-27 13:39:52 | Slewing to the coordinate (Alt = 32.9, Az = 48.8)
[INFO]2023-10-27 13:39:56 | Slewing finished. Current coordinate (Alt = 32.9, Az = 48.8)
[INFO]2023-10-27 13:40:01 | Slewing to the coordinate (RA = 30.244, Dec = 50.232, Alt = 0.1, Az = 14.2)
[INFO]2023-10-27 13:40:05 | Slewing finished. Current coordinate (RA = 311.817, Dec = 50.123, Alt = 32.9, Az = 48.8)
[INFO]2023-10-27 13:41:29 | Slewing to the coordinate (RA = 30.244, Dec = 50.232, Alt = 0.2, Az = 14.4)
[INFO]2023-10-27 13:41:33 | Slewing finished. Current coordinate (RA = 311.817, Dec = 50.123, Alt = 33.1, Az = 48.9)
[INFO]2023-10-27 13:43:02 | Slewing to the coordinate (RA = 30.244, Dec = 50.232, Alt = 0.3, Az = 14.7)
[INFO]2023-10-27 13:43:05 | Slewing finished. Current coordinate (RA = 311.817, Dec = 50.123, Alt = 33.4, Az = 49.0)
[INFO]2023-10-27 13:43:41 | Slewing to the coordinate (RA = 30.244, Dec = 50.232, Alt = 0.3, Az = 14.8)
[INFO]2023-10-27 13:43:45 | Slewing finished. Current coordinate (RA = 311.817, Dec = 50.123, Alt = 33.5, Az = 49.0)
[INFO]2023-10-27 13:43:52 | Slewing to the coordinate (Alt = 30.2, Az = 50.2)
[INFO]2023-10-27 13:43:56 | Slewing finished. Current coordinate (Alt = 30.2, Az = 50.2)
[INFO]2023-11-06 20:13:42 | Slewing to the coordinate (RA = 30.244, Dec = 50.232, Alt = 53.4, Az = 53.6)
[INFO]2023-11-06 20:14:07 | Slewing finished. Current coordinate (RA = 30.245, Dec = 50.232, Alt = 51.9, Az = 52.6)
[INFO]2023-11-06 20:14:09 | Slewing to the coordinate (Alt = 32.9, Az = 48.8)
[INFO]2023-11-06 20:14:18 | Slewing finished. Current coordinate (Alt = 32.9, Az = 48.8)
[INFO]2023-11-06 20:14:45 | Slewing to the coordinate (RA = 30.244, Dec = 50.232, Alt = 53.5, Az = 53.6)
[INFO]2023-11-06 20:14:54 | Slewing finished. Current coordinate (RA = 30.245, Dec = 50.232, Alt = 52.0, Az = 52.6)
[INFO]2023-11-06 20:14:55 | Slewing to the coordinate (Alt = 32.9, Az = 48.8)
[INFO]2023-11-06 20:15:04 | Slewing finished. Current coordinate (Alt = 32.9, Az = 48.8)
[INFO]2023-11-06 20:15:05 | Slewing to the coordinate (Alt = 40.0, Az = 270.0)
[INFO]2023-11-06 20:15:30 | Slewing finished. Current coordinate (Alt = 40.0, Az = 270.0)
